2014/09/23 06:01:01 [error] [exception.CHttpException.404] exception 'CHttpException' with message 'Unable to resolve the request "gii/index".' in C:\xampp\htdocs\yii\web\CWebApplication.php:286
Stack trace:
#0 C:\xampp\htdocs\yii\web\CWebApplication.php(141): CWebApplication->runController('gii/index')
#1 C:\xampp\htdocs\yii\base\CApplication.php(180): CWebApplication->processRequest()
#2 C:\xampp\htdocs\postulaciones\index.php(13): CApplication->run()
#3 {main}
REQUEST_URI=/postulaciones/index.php?r=gii/index
---
2014/09/23 06:02:34 [error] [exception.CDbException] exception 'CDbException' with message 'CDbConnection failed to open the DB connection: SQLSTATE[HY000] [1049] Unknown database 'db_postulaciones'' in C:\xampp\htdocs\yii\db\CDbConnection.php:382
Stack trace:
#0 C:\xampp\htdocs\yii\db\CDbConnection.php(330): CDbConnection->open()
#1 C:\xampp\htdocs\yii\db\CDbConnection.php(308): CDbConnection->setActive(true)
#2 C:\xampp\htdocs\yii\base\CModule.php(387): CDbConnection->init()
#3 C:\xampp\htdocs\yii\base\CModule.php(103): CModule->getComponent('db')
#4 C:\xampp\htdocs\yii\gii\generators\model\ModelCode.php(60): CModule->__get('db')
#5 C:\xampp\htdocs\yii\web\CFormModel.php(39): ModelCode->init()
#6 C:\xampp\htdocs\yii\gii\CCodeGenerator.php(153): CFormModel->__construct()
#7 C:\xampp\htdocs\yii\gii\CCodeGenerator.php(63): CCodeGenerator->prepare()
#8 C:\xampp\htdocs\yii\web\actions\CInlineAction.php(49): CCodeGenerator->actionIndex()
#9 C:\xampp\htdocs\yii\web\CController.php(308): CInlineAction->runWithParams(Array)
#10 C:\xampp\htdocs\yii\web\CController.php(286): CController->runAction(Object(CInlineAction))
#11 C:\xampp\htdocs\yii\web\CController.php(265): CController->runActionWithFilters(Object(CInlineAction), Array)
#12 C:\xampp\htdocs\yii\web\CWebApplication.php(282): CController->run('index')
#13 C:\xampp\htdocs\yii\web\CWebApplication.php(141): CWebApplication->runController('gii/model/index')
#14 C:\xampp\htdocs\yii\base\CApplication.php(180): CWebApplication->processRequest()
#15 C:\xampp\htdocs\postulaciones\index.php(13): CApplication->run()
#16 {main}
REQUEST_URI=/postulaciones/index.php?r=gii/model/index
HTTP_REFERER=http://localhost/postulaciones/index.php?r=gii/default/index
---
2014/09/24 05:28:39 [error] [exception.CException] exception 'CException' with message 'PersonaController cannot find the requested view "experiencia/_form".' in C:\xampp\htdocs\yii\web\CController.php:878
Stack trace:
#0 C:\xampp\htdocs\postulaciones\protected\views\persona\_form.php(73): CController->renderPartial('experiencia/_fo...', Array)
#1 C:\xampp\htdocs\yii\web\CBaseController.php(126): require('C:\xampp\htdocs...')
#2 C:\xampp\htdocs\yii\web\CBaseController.php(95): CBaseController->renderInternal('C:\xampp\htdocs...', Array, true)
#3 C:\xampp\htdocs\yii\web\CController.php(869): CBaseController->renderFile('C:\xampp\htdocs...', Array, true)
#4 C:\xampp\htdocs\postulaciones\protected\views\persona\create.php(18): CController->renderPartial('_form', Array)
#5 C:\xampp\htdocs\yii\web\CBaseController.php(126): require('C:\xampp\htdocs...')
#6 C:\xampp\htdocs\yii\web\CBaseController.php(95): CBaseController->renderInternal('C:\xampp\htdocs...', Array, true)
#7 C:\xampp\htdocs\yii\web\CController.php(869): CBaseController->renderFile('C:\xampp\htdocs...', Array, true)
#8 C:\xampp\htdocs\yii\web\CController.php(782): CController->renderPartial('create', Array, true)
#9 C:\xampp\htdocs\postulaciones\protected\controllers\PersonaController.php(79): CController->render('create', Array)
#10 C:\xampp\htdocs\yii\web\actions\CInlineAction.php(49): PersonaController->actionCreate()
#11 C:\xampp\htdocs\yii\web\CController.php(308): CInlineAction->runWithParams(Array)
#12 C:\xampp\htdocs\yii\web\filters\CFilterChain.php(133): CController->runAction(Object(CInlineAction))
#13 C:\xampp\htdocs\yii\web\filters\CFilter.php(40): CFilterChain->run()
#14 C:\xampp\htdocs\yii\web\CController.php(1145): CFilter->filter(Object(CFilterChain))
#15 C:\xampp\htdocs\yii\web\filters\CInlineFilter.php(58): CController->filterAccessControl(Object(CFilterChain))
#16 C:\xampp\htdocs\yii\web\filters\CFilterChain.php(130): CInlineFilter->filter(Object(CFilterChain))
#17 C:\xampp\htdocs\yii\web\CController.php(291): CFilterChain->run()
#18 C:\xampp\htdocs\yii\web\CController.php(265): CController->runActionWithFilters(Object(CInlineAction), Array)
#19 C:\xampp\htdocs\yii\web\CWebApplication.php(282): CController->run('create')
#20 C:\xampp\htdocs\yii\web\CWebApplication.php(141): CWebApplication->runController('persona/create')
#21 C:\xampp\htdocs\yii\base\CApplication.php(180): CWebApplication->processRequest()
#22 C:\xampp\htdocs\postulaciones\index.php(13): CApplication->run()
#23 {main}
REQUEST_URI=/postulaciones/index.php?r=persona/create
---
2014/09/24 05:29:50 [error] [exception.CException] exception 'CException' with message 'PersonaController cannot find the requested view "experiencia/_form".' in C:\xampp\htdocs\yii\web\CController.php:878
Stack trace:
#0 C:\xampp\htdocs\postulaciones\protected\views\persona\_form.php(73): CController->renderPartial('experiencia/_fo...', Array)
#1 C:\xampp\htdocs\yii\web\CBaseController.php(126): require('C:\xampp\htdocs...')
#2 C:\xampp\htdocs\yii\web\CBaseController.php(95): CBaseController->renderInternal('C:\xampp\htdocs...', Array, true)
#3 C:\xampp\htdocs\yii\web\CController.php(869): CBaseController->renderFile('C:\xampp\htdocs...', Array, true)
#4 C:\xampp\htdocs\postulaciones\protected\views\persona\create.php(18): CController->renderPartial('_form', Array)
#5 C:\xampp\htdocs\yii\web\CBaseController.php(126): require('C:\xampp\htdocs...')
#6 C:\xampp\htdocs\yii\web\CBaseController.php(95): CBaseController->renderInternal('C:\xampp\htdocs...', Array, true)
#7 C:\xampp\htdocs\yii\web\CController.php(869): CBaseController->renderFile('C:\xampp\htdocs...', Array, true)
#8 C:\xampp\htdocs\yii\web\CController.php(782): CController->renderPartial('create', Array, true)
#9 C:\xampp\htdocs\postulaciones\protected\controllers\PersonaController.php(79): CController->render('create', Array)
#10 C:\xampp\htdocs\yii\web\actions\CInlineAction.php(49): PersonaController->actionCreate()
#11 C:\xampp\htdocs\yii\web\CController.php(308): CInlineAction->runWithParams(Array)
#12 C:\xampp\htdocs\yii\web\filters\CFilterChain.php(133): CController->runAction(Object(CInlineAction))
#13 C:\xampp\htdocs\yii\web\filters\CFilter.php(40): CFilterChain->run()
#14 C:\xampp\htdocs\yii\web\CController.php(1145): CFilter->filter(Object(CFilterChain))
#15 C:\xampp\htdocs\yii\web\filters\CInlineFilter.php(58): CController->filterAccessControl(Object(CFilterChain))
#16 C:\xampp\htdocs\yii\web\filters\CFilterChain.php(130): CInlineFilter->filter(Object(CFilterChain))
#17 C:\xampp\htdocs\yii\web\CController.php(291): CFilterChain->run()
#18 C:\xampp\htdocs\yii\web\CController.php(265): CController->runActionWithFilters(Object(CInlineAction), Array)
#19 C:\xampp\htdocs\yii\web\CWebApplication.php(282): CController->run('create')
#20 C:\xampp\htdocs\yii\web\CWebApplication.php(141): CWebApplication->runController('persona/create')
#21 C:\xampp\htdocs\yii\base\CApplication.php(180): CWebApplication->processRequest()
#22 C:\xampp\htdocs\postulaciones\index.php(13): CApplication->run()
#23 {main}
REQUEST_URI=/postulaciones/index.php?r=persona/create
---
2014/09/24 05:30:48 [error] [exception.CException] exception 'CException' with message 'PersonaController cannot find the requested view "experiencia/_form".' in C:\xampp\htdocs\yii\web\CController.php:878
Stack trace:
#0 C:\xampp\htdocs\postulaciones\protected\views\persona\create.php(22): CController->renderPartial('experiencia/_fo...', Array)
#1 C:\xampp\htdocs\yii\web\CBaseController.php(126): require('C:\xampp\htdocs...')
#2 C:\xampp\htdocs\yii\web\CBaseController.php(95): CBaseController->renderInternal('C:\xampp\htdocs...', Array, true)
#3 C:\xampp\htdocs\yii\web\CController.php(869): CBaseController->renderFile('C:\xampp\htdocs...', Array, true)
#4 C:\xampp\htdocs\yii\web\CController.php(782): CController->renderPartial('create', Array, true)
#5 C:\xampp\htdocs\postulaciones\protected\controllers\PersonaController.php(79): CController->render('create', Array)
#6 C:\xampp\htdocs\yii\web\actions\CInlineAction.php(49): PersonaController->actionCreate()
#7 C:\xampp\htdocs\yii\web\CController.php(308): CInlineAction->runWithParams(Array)
#8 C:\xampp\htdocs\yii\web\filters\CFilterChain.php(133): CController->runAction(Object(CInlineAction))
#9 C:\xampp\htdocs\yii\web\filters\CFilter.php(40): CFilterChain->run()
#10 C:\xampp\htdocs\yii\web\CController.php(1145): CFilter->filter(Object(CFilterChain))
#11 C:\xampp\htdocs\yii\web\filters\CInlineFilter.php(58): CController->filterAccessControl(Object(CFilterChain))
#12 C:\xampp\htdocs\yii\web\filters\CFilterChain.php(130): CInlineFilter->filter(Object(CFilterChain))
#13 C:\xampp\htdocs\yii\web\CController.php(291): CFilterChain->run()
#14 C:\xampp\htdocs\yii\web\CController.php(265): CController->runActionWithFilters(Object(CInlineAction), Array)
#15 C:\xampp\htdocs\yii\web\CWebApplication.php(282): CController->run('create')
#16 C:\xampp\htdocs\yii\web\CWebApplication.php(141): CWebApplication->runController('persona/create')
#17 C:\xampp\htdocs\yii\base\CApplication.php(180): CWebApplication->processRequest()
#18 C:\xampp\htdocs\postulaciones\index.php(13): CApplication->run()
#19 {main}
REQUEST_URI=/postulaciones/index.php?r=persona/create
---
2014/09/24 05:44:16 [error] [exception.CException] exception 'CException' with message 'PersonaController cannot find the requested view "experiencia/_form".' in C:\xampp\htdocs\yii\web\CController.php:878
Stack trace:
#0 C:\xampp\htdocs\postulaciones\protected\views\persona\view.php(34): CController->renderPartial('experiencia/_fo...', Array)
#1 C:\xampp\htdocs\yii\web\CBaseController.php(126): require('C:\xampp\htdocs...')
#2 C:\xampp\htdocs\yii\web\CBaseController.php(95): CBaseController->renderInternal('C:\xampp\htdocs...', Array, true)
#3 C:\xampp\htdocs\yii\web\CController.php(869): CBaseController->renderFile('C:\xampp\htdocs...', Array, true)
#4 C:\xampp\htdocs\yii\web\CController.php(782): CController->renderPartial('view', Array, true)
#5 C:\xampp\htdocs\postulaciones\protected\controllers\PersonaController.php(56): CController->render('view', Array)
#6 [internal function]: PersonaController->actionView('1')
#7 C:\xampp\htdocs\yii\web\actions\CAction.php(108): ReflectionMethod->invokeArgs(Object(PersonaController), Array)
#8 C:\xampp\htdocs\yii\web\actions\CInlineAction.php(47): CAction->runWithParamsInternal(Object(PersonaController), Object(ReflectionMethod), Array)
#9 C:\xampp\htdocs\yii\web\CController.php(308): CInlineAction->runWithParams(Array)
#10 C:\xampp\htdocs\yii\web\filters\CFilterChain.php(133): CController->runAction(Object(CInlineAction))
#11 C:\xampp\htdocs\yii\web\filters\CFilter.php(40): CFilterChain->run()
#12 C:\xampp\htdocs\yii\web\CController.php(1145): CFilter->filter(Object(CFilterChain))
#13 C:\xampp\htdocs\yii\web\filters\CInlineFilter.php(58): CController->filterAccessControl(Object(CFilterChain))
#14 C:\xampp\htdocs\yii\web\filters\CFilterChain.php(130): CInlineFilter->filter(Object(CFilterChain))
#15 C:\xampp\htdocs\yii\web\CController.php(291): CFilterChain->run()
#16 C:\xampp\htdocs\yii\web\CController.php(265): CController->runActionWithFilters(Object(CInlineAction), Array)
#17 C:\xampp\htdocs\yii\web\CWebApplication.php(282): CController->run('view')
#18 C:\xampp\htdocs\yii\web\CWebApplication.php(141): CWebApplication->runController('persona/view')
#19 C:\xampp\htdocs\yii\base\CApplication.php(180): CWebApplication->processRequest()
#20 C:\xampp\htdocs\postulaciones\index.php(13): CApplication->run()
#21 {main}
REQUEST_URI=/postulaciones/index.php?r=persona/view&id=1
---
2014/09/24 06:19:33 [error] [php] Undefined variable: exp (C:\xampp\htdocs\postulaciones\protected\views\persona\view.php:33)
Stack trace:
#0 C:\xampp\htdocs\yii\web\CController.php(869): PersonaController->renderFile()
#1 C:\xampp\htdocs\yii\web\CController.php(782): PersonaController->renderPartial()
#2 C:\xampp\htdocs\postulaciones\protected\controllers\PersonaController.php(56): PersonaController->render()
#3 unknown(0): PersonaController->actionView()
#4 C:\xampp\htdocs\yii\web\actions\CAction.php(108): ReflectionMethod->invokeArgs()
#5 C:\xampp\htdocs\yii\web\actions\CInlineAction.php(47): CInlineAction->runWithParamsInternal()
#6 C:\xampp\htdocs\yii\web\CController.php(308): CInlineAction->runWithParams()
#7 C:\xampp\htdocs\yii\web\filters\CFilterChain.php(133): PersonaController->runAction()
#8 C:\xampp\htdocs\yii\web\filters\CFilter.php(40): CFilterChain->run()
#9 C:\xampp\htdocs\yii\web\CController.php(1145): CAccessControlFilter->filter()
#10 C:\xampp\htdocs\yii\web\filters\CInlineFilter.php(58): PersonaController->filterAccessControl()
#11 C:\xampp\htdocs\yii\web\filters\CFilterChain.php(130): CInlineFilter->filter()
#12 C:\xampp\htdocs\yii\web\CController.php(291): CFilterChain->run()
#13 C:\xampp\htdocs\yii\web\CController.php(265): PersonaController->runActionWithFilters()
#14 C:\xampp\htdocs\yii\web\CWebApplication.php(282): PersonaController->run()
#15 C:\xampp\htdocs\yii\web\CWebApplication.php(141): CWebApplication->runController()
#16 C:\xampp\htdocs\yii\base\CApplication.php(180): CWebApplication->processRequest()
#17 C:\xampp\htdocs\postulaciones\index.php(13): CWebApplication->run()
REQUEST_URI=/postulaciones/index.php?r=persona/view&id=1
in C:\xampp\htdocs\postulaciones\protected\views\persona\view.php (33)
in C:\xampp\htdocs\postulaciones\protected\controllers\PersonaController.php (56)
in C:\xampp\htdocs\postulaciones\index.php (13)
2014/09/24 06:20:58 [error] [exception.CException] exception 'CException' with message 'Property "Experiencia.institucion" is not defined.' in C:\xampp\htdocs\yii\base\CComponent.php:130
Stack trace:
#0 C:\xampp\htdocs\yii\db\ar\CActiveRecord.php(145): CComponent->__get('institucion')
#1 C:\xampp\htdocs\yii\web\helpers\CHtml.php(2529): CActiveRecord->__get('institucion')
#2 C:\xampp\htdocs\yii\web\helpers\CHtml.php(2252): CHtml::resolveValue(Object(Experiencia), 'institucion')
#3 C:\xampp\htdocs\yii\web\helpers\CHtml.php(1434): CHtml::activeInputField('text', Object(Experiencia), 'institucion', Array)
#4 C:\xampp\htdocs\yii\web\widgets\CActiveForm.php(725): CHtml::activeTextField(Object(Experiencia), 'institucion', Array)
#5 C:\xampp\htdocs\postulaciones\protected\views\persona\_edu.php(24): CActiveForm->textField(Object(Experiencia), 'institucion', Array)
#6 C:\xampp\htdocs\yii\web\CBaseController.php(126): require('C:\xampp\htdocs...')
#7 C:\xampp\htdocs\yii\web\CBaseController.php(95): CBaseController->renderInternal('C:\xampp\htdocs...', Array, true)
#8 C:\xampp\htdocs\yii\web\CController.php(869): CBaseController->renderFile('C:\xampp\htdocs...', Array, true)
#9 C:\xampp\htdocs\postulaciones\protected\views\persona\view.php(36): CController->renderPartial('_edu', Array)
#10 C:\xampp\htdocs\yii\web\CBaseController.php(126): require('C:\xampp\htdocs...')
#11 C:\xampp\htdocs\yii\web\CBaseController.php(95): CBaseController->renderInternal('C:\xampp\htdocs...', Array, true)
#12 C:\xampp\htdocs\yii\web\CController.php(869): CBaseController->renderFile('C:\xampp\htdocs...', Array, true)
#13 C:\xampp\htdocs\yii\web\CController.php(782): CController->renderPartial('view', Array, true)
#14 C:\xampp\htdocs\postulaciones\protected\controllers\PersonaController.php(61): CController->render('view', Array)
#15 [internal function]: PersonaController->actionView('1')
#16 C:\xampp\htdocs\yii\web\actions\CAction.php(108): ReflectionMethod->invokeArgs(Object(PersonaController), Array)
#17 C:\xampp\htdocs\yii\web\actions\CInlineAction.php(47): CAction->runWithParamsInternal(Object(PersonaController), Object(ReflectionMethod), Array)
#18 C:\xampp\htdocs\yii\web\CController.php(308): CInlineAction->runWithParams(Array)
#19 C:\xampp\htdocs\yii\web\filters\CFilterChain.php(133): CController->runAction(Object(CInlineAction))
#20 C:\xampp\htdocs\yii\web\filters\CFilter.php(40): CFilterChain->run()
#21 C:\xampp\htdocs\yii\web\CController.php(1145): CFilter->filter(Object(CFilterChain))
#22 C:\xampp\htdocs\yii\web\filters\CInlineFilter.php(58): CController->filterAccessControl(Object(CFilterChain))
#23 C:\xampp\htdocs\yii\web\filters\CFilterChain.php(130): CInlineFilter->filter(Object(CFilterChain))
#24 C:\xampp\htdocs\yii\web\CController.php(291): CFilterChain->run()
#25 C:\xampp\htdocs\yii\web\CController.php(265): CController->runActionWithFilters(Object(CInlineAction), Array)
#26 C:\xampp\htdocs\yii\web\CWebApplication.php(282): CController->run('view')
#27 C:\xampp\htdocs\yii\web\CWebApplication.php(141): CWebApplication->runController('persona/view')
#28 C:\xampp\htdocs\yii\base\CApplication.php(180): CWebApplication->processRequest()
#29 C:\xampp\htdocs\postulaciones\index.php(13): CApplication->run()
#30 {main}
REQUEST_URI=/postulaciones/index.php?r=persona/view&id=1
---
2014/09/24 06:34:30 [error] [php] Creating default object from empty value (C:\xampp\htdocs\postulaciones\protected\controllers\PersonaController.php:58)
Stack trace:
#0 C:\xampp\htdocs\yii\web\actions\CInlineAction.php(47): CInlineAction->runWithParamsInternal()
#1 C:\xampp\htdocs\yii\web\CController.php(308): CInlineAction->runWithParams()
#2 C:\xampp\htdocs\yii\web\filters\CFilterChain.php(133): PersonaController->runAction()
#3 C:\xampp\htdocs\yii\web\filters\CFilter.php(40): CFilterChain->run()
#4 C:\xampp\htdocs\yii\web\CController.php(1145): CAccessControlFilter->filter()
#5 C:\xampp\htdocs\yii\web\filters\CInlineFilter.php(58): PersonaController->filterAccessControl()
#6 C:\xampp\htdocs\yii\web\filters\CFilterChain.php(130): CInlineFilter->filter()
#7 C:\xampp\htdocs\yii\web\CController.php(291): CFilterChain->run()
#8 C:\xampp\htdocs\yii\web\CController.php(265): PersonaController->runActionWithFilters()
#9 C:\xampp\htdocs\yii\web\CWebApplication.php(282): PersonaController->run()
#10 C:\xampp\htdocs\yii\web\CWebApplication.php(141): CWebApplication->runController()
#11 C:\xampp\htdocs\yii\base\CApplication.php(180): CWebApplication->processRequest()
#12 C:\xampp\htdocs\postulaciones\index.php(13): CWebApplication->run()
REQUEST_URI=/postulaciones/index.php?r=persona/view&id=1
in C:\xampp\htdocs\postulaciones\protected\controllers\PersonaController.php (58)
in C:\xampp\htdocs\postulaciones\index.php (13)
2014/09/24 07:02:05 [error] [exception.CException] exception 'CException' with message 'Property "Conocimiento.niveles" is not defined.' in C:\xampp\htdocs\yii\base\CComponent.php:130
Stack trace:
#0 C:\xampp\htdocs\yii\db\ar\CActiveRecord.php(145): CComponent->__get('niveles')
#1 C:\xampp\htdocs\postulaciones\protected\views\persona\_con.php(30): CActiveRecord->__get('niveles')
#2 C:\xampp\htdocs\yii\web\CBaseController.php(126): require('C:\xampp\htdocs...')
#3 C:\xampp\htdocs\yii\web\CBaseController.php(95): CBaseController->renderInternal('C:\xampp\htdocs...', Array, true)
#4 C:\xampp\htdocs\yii\web\CController.php(869): CBaseController->renderFile('C:\xampp\htdocs...', Array, true)
#5 C:\xampp\htdocs\postulaciones\protected\views\persona\view.php(42): CController->renderPartial('_con', Array)
#6 C:\xampp\htdocs\yii\web\CBaseController.php(126): require('C:\xampp\htdocs...')
#7 C:\xampp\htdocs\yii\web\CBaseController.php(95): CBaseController->renderInternal('C:\xampp\htdocs...', Array, true)
#8 C:\xampp\htdocs\yii\web\CController.php(869): CBaseController->renderFile('C:\xampp\htdocs...', Array, true)
#9 C:\xampp\htdocs\yii\web\CController.php(782): CController->renderPartial('view', Array, true)
#10 C:\xampp\htdocs\postulaciones\protected\controllers\PersonaController.php(85): CController->render('view', Array)
#11 [internal function]: PersonaController->actionView('1')
#12 C:\xampp\htdocs\yii\web\actions\CAction.php(108): ReflectionMethod->invokeArgs(Object(PersonaController), Array)
#13 C:\xampp\htdocs\yii\web\actions\CInlineAction.php(47): CAction->runWithParamsInternal(Object(PersonaController), Object(ReflectionMethod), Array)
#14 C:\xampp\htdocs\yii\web\CController.php(308): CInlineAction->runWithParams(Array)
#15 C:\xampp\htdocs\yii\web\filters\CFilterChain.php(133): CController->runAction(Object(CInlineAction))
#16 C:\xampp\htdocs\yii\web\filters\CFilter.php(40): CFilterChain->run()
#17 C:\xampp\htdocs\yii\web\CController.php(1145): CFilter->filter(Object(CFilterChain))
#18 C:\xampp\htdocs\yii\web\filters\CInlineFilter.php(58): CController->filterAccessControl(Object(CFilterChain))
#19 C:\xampp\htdocs\yii\web\filters\CFilterChain.php(130): CInlineFilter->filter(Object(CFilterChain))
#20 C:\xampp\htdocs\yii\web\CController.php(291): CFilterChain->run()
#21 C:\xampp\htdocs\yii\web\CController.php(265): CController->runActionWithFilters(Object(CInlineAction), Array)
#22 C:\xampp\htdocs\yii\web\CWebApplication.php(282): CController->run('view')
#23 C:\xampp\htdocs\yii\web\CWebApplication.php(141): CWebApplication->runController('persona/view')
#24 C:\xampp\htdocs\yii\base\CApplication.php(180): CWebApplication->processRequest()
#25 C:\xampp\htdocs\postulaciones\index.php(13): CApplication->run()
#26 {main}
REQUEST_URI=/postulaciones/index.php?r=persona/view&id=1
---
2014/09/25 22:32:24 [error] [exception.CHttpException.404] exception 'CHttpException' with message 'Unable to resolve the request "js/modernizr-2.6.1.min.js".' in C:\xampp\htdocs\yii_fw\framework\web\CWebApplication.php:286
Stack trace:
#0 C:\xampp\htdocs\yii_fw\framework\web\CWebApplication.php(141): CWebApplication->runController('js/modernizr-2....')
#1 C:\xampp\htdocs\yii_fw\framework\base\CApplication.php(180): CWebApplication->processRequest()
#2 C:\xampp\htdocs\postulaciones\index.php(13): CApplication->run()
#3 {main}
REQUEST_URI=/postulaciones/js/modernizr-2.6.1.min.js
HTTP_REFERER=http://localhost:81/postulaciones/
---
2014/09/25 22:32:24 [error] [exception.CHttpException.404] exception 'CHttpException' with message 'Unable to resolve the request "images/banner 2.jpg".' in C:\xampp\htdocs\yii_fw\framework\web\CWebApplication.php:286
Stack trace:
#0 C:\xampp\htdocs\yii_fw\framework\web\CWebApplication.php(141): CWebApplication->runController('images/banner 2...')
#1 C:\xampp\htdocs\yii_fw\framework\base\CApplication.php(180): CWebApplication->processRequest()
#2 C:\xampp\htdocs\postulaciones\index.php(13): CApplication->run()
#3 {main}
REQUEST_URI=/postulaciones/images/banner%202.jpg
HTTP_REFERER=http://localhost:81/postulaciones/
---
2014/09/25 22:32:24 [error] [exception.CHttpException.404] exception 'CHttpException' with message 'Unable to resolve the request "images/banner 1.jpg".' in C:\xampp\htdocs\yii_fw\framework\web\CWebApplication.php:286
Stack trace:
#0 C:\xampp\htdocs\yii_fw\framework\web\CWebApplication.php(141): CWebApplication->runController('images/banner 1...')
#1 C:\xampp\htdocs\yii_fw\framework\base\CApplication.php(180): CWebApplication->processRequest()
#2 C:\xampp\htdocs\postulaciones\index.php(13): CApplication->run()
#3 {main}
REQUEST_URI=/postulaciones/images/banner%201.jpg
HTTP_REFERER=http://localhost:81/postulaciones/
---
2014/09/25 22:32:24 [error] [exception.CHttpException.404] exception 'CHttpException' with message 'Unable to resolve the request "js/lean-slider.js".' in C:\xampp\htdocs\yii_fw\framework\web\CWebApplication.php:286
Stack trace:
#0 C:\xampp\htdocs\yii_fw\framework\web\CWebApplication.php(141): CWebApplication->runController('js/lean-slider....')
#1 C:\xampp\htdocs\yii_fw\framework\base\CApplication.php(180): CWebApplication->processRequest()
#2 C:\xampp\htdocs\postulaciones\index.php(13): CApplication->run()
#3 {main}
REQUEST_URI=/postulaciones/js/lean-slider.js
HTTP_REFERER=http://localhost:81/postulaciones/
---
2014/09/25 22:32:24 [error] [exception.CHttpException.404] exception 'CHttpException' with message 'Unable to resolve the request "images/banner 4.jpg".' in C:\xampp\htdocs\yii_fw\framework\web\CWebApplication.php:286
Stack trace:
#0 C:\xampp\htdocs\yii_fw\framework\web\CWebApplication.php(141): CWebApplication->runController('images/banner 4...')
#1 C:\xampp\htdocs\yii_fw\framework\base\CApplication.php(180): CWebApplication->processRequest()
#2 C:\xampp\htdocs\postulaciones\index.php(13): CApplication->run()
#3 {main}
REQUEST_URI=/postulaciones/images/banner%204.jpg
HTTP_REFERER=http://localhost:81/postulaciones/
---
2014/09/25 22:32:24 [error] [exception.CHttpException.404] exception 'CHttpException' with message 'Unable to resolve the request "images/banner 3.jpg".' in C:\xampp\htdocs\yii_fw\framework\web\CWebApplication.php:286
Stack trace:
#0 C:\xampp\htdocs\yii_fw\framework\web\CWebApplication.php(141): CWebApplication->runController('images/banner 3...')
#1 C:\xampp\htdocs\yii_fw\framework\base\CApplication.php(180): CWebApplication->processRequest()
#2 C:\xampp\htdocs\postulaciones\index.php(13): CApplication->run()
#3 {main}
REQUEST_URI=/postulaciones/images/banner%203.jpg
HTTP_REFERER=http://localhost:81/postulaciones/
---
2014/09/25 22:32:24 [error] [exception.CHttpException.404] exception 'CHttpException' with message 'Unable to resolve the request "images/banner 5.jpg".' in C:\xampp\htdocs\yii_fw\framework\web\CWebApplication.php:286
Stack trace:
#0 C:\xampp\htdocs\yii_fw\framework\web\CWebApplication.php(141): CWebApplication->runController('images/banner 5...')
#1 C:\xampp\htdocs\yii_fw\framework\base\CApplication.php(180): CWebApplication->processRequest()
#2 C:\xampp\htdocs\postulaciones\index.php(13): CApplication->run()
#3 {main}
REQUEST_URI=/postulaciones/images/banner%205.jpg
HTTP_REFERER=http://localhost:81/postulaciones/
---
2014/09/25 22:32:24 [error] [exception.CHttpException.404] exception 'CHttpException' with message 'Unable to resolve the request "images/banner 6.jpg".' in C:\xampp\htdocs\yii_fw\framework\web\CWebApplication.php:286
Stack trace:
#0 C:\xampp\htdocs\yii_fw\framework\web\CWebApplication.php(141): CWebApplication->runController('images/banner 6...')
#1 C:\xampp\htdocs\yii_fw\framework\base\CApplication.php(180): CWebApplication->processRequest()
#2 C:\xampp\htdocs\postulaciones\index.php(13): CApplication->run()
#3 {main}
REQUEST_URI=/postulaciones/images/banner%206.jpg
HTTP_REFERER=http://localhost:81/postulaciones/
---
2014/09/25 22:32:24 [error] [exception.CHttpException.404] exception 'CHttpException' with message 'Unable to resolve the request "images/minibanner.png".' in C:\xampp\htdocs\yii_fw\framework\web\CWebApplication.php:286
Stack trace:
#0 C:\xampp\htdocs\yii_fw\framework\web\CWebApplication.php(141): CWebApplication->runController('images/minibann...')
#1 C:\xampp\htdocs\yii_fw\framework\base\CApplication.php(180): CWebApplication->processRequest()
#2 C:\xampp\htdocs\postulaciones\index.php(13): CApplication->run()
#3 {main}
REQUEST_URI=/postulaciones/images/minibanner.png
HTTP_REFERER=http://localhost:81/postulaciones/
---
2014/09/25 22:32:24 [error] [exception.CHttpException.404] exception 'CHttpException' with message 'Unable to resolve the request "images/minibanner2.png".' in C:\xampp\htdocs\yii_fw\framework\web\CWebApplication.php:286
Stack trace:
#0 C:\xampp\htdocs\yii_fw\framework\web\CWebApplication.php(141): CWebApplication->runController('images/minibann...')
#1 C:\xampp\htdocs\yii_fw\framework\base\CApplication.php(180): CWebApplication->processRequest()
#2 C:\xampp\htdocs\postulaciones\index.php(13): CApplication->run()
#3 {main}
REQUEST_URI=/postulaciones/images/minibanner2.png
HTTP_REFERER=http://localhost:81/postulaciones/
---
2014/09/25 22:32:25 [error] [exception.CHttpException.404] exception 'CHttpException' with message 'Unable to resolve the request "images/banner 2.jpg".' in C:\xampp\htdocs\yii_fw\framework\web\CWebApplication.php:286
Stack trace:
#0 C:\xampp\htdocs\yii_fw\framework\web\CWebApplication.php(141): CWebApplication->runController('images/banner 2...')
#1 C:\xampp\htdocs\yii_fw\framework\base\CApplication.php(180): CWebApplication->processRequest()
#2 C:\xampp\htdocs\postulaciones\index.php(13): CApplication->run()
#3 {main}
REQUEST_URI=/postulaciones/images/banner%202.jpg
HTTP_REFERER=http://localhost:81/postulaciones/
---
2014/09/25 22:32:25 [error] [exception.CHttpException.404] exception 'CHttpException' with message 'Unable to resolve the request "images/banner 1.jpg".' in C:\xampp\htdocs\yii_fw\framework\web\CWebApplication.php:286
Stack trace:
#0 C:\xampp\htdocs\yii_fw\framework\web\CWebApplication.php(141): CWebApplication->runController('images/banner 1...')
#1 C:\xampp\htdocs\yii_fw\framework\base\CApplication.php(180): CWebApplication->processRequest()
#2 C:\xampp\htdocs\postulaciones\index.php(13): CApplication->run()
#3 {main}
REQUEST_URI=/postulaciones/images/banner%201.jpg
HTTP_REFERER=http://localhost:81/postulaciones/
---
2014/09/25 22:32:25 [error] [exception.CHttpException.404] exception 'CHttpException' with message 'Unable to resolve the request "images/banner 6.jpg".' in C:\xampp\htdocs\yii_fw\framework\web\CWebApplication.php:286
Stack trace:
#0 C:\xampp\htdocs\yii_fw\framework\web\CWebApplication.php(141): CWebApplication->runController('images/banner 6...')
#1 C:\xampp\htdocs\yii_fw\framework\base\CApplication.php(180): CWebApplication->processRequest()
#2 C:\xampp\htdocs\postulaciones\index.php(13): CApplication->run()
#3 {main}
REQUEST_URI=/postulaciones/images/banner%206.jpg
HTTP_REFERER=http://localhost:81/postulaciones/
---
2014/09/25 22:32:25 [error] [exception.CHttpException.404] exception 'CHttpException' with message 'Unable to resolve the request "images/banner 5.jpg".' in C:\xampp\htdocs\yii_fw\framework\web\CWebApplication.php:286
Stack trace:
#0 C:\xampp\htdocs\yii_fw\framework\web\CWebApplication.php(141): CWebApplication->runController('images/banner 5...')
#1 C:\xampp\htdocs\yii_fw\framework\base\CApplication.php(180): CWebApplication->processRequest()
#2 C:\xampp\htdocs\postulaciones\index.php(13): CApplication->run()
#3 {main}
REQUEST_URI=/postulaciones/images/banner%205.jpg
HTTP_REFERER=http://localhost:81/postulaciones/
---
2014/09/25 22:32:25 [error] [exception.CHttpException.404] exception 'CHttpException' with message 'Unable to resolve the request "images/banner 4.jpg".' in C:\xampp\htdocs\yii_fw\framework\web\CWebApplication.php:286
Stack trace:
#0 C:\xampp\htdocs\yii_fw\framework\web\CWebApplication.php(141): CWebApplication->runController('images/banner 4...')
#1 C:\xampp\htdocs\yii_fw\framework\base\CApplication.php(180): CWebApplication->processRequest()
#2 C:\xampp\htdocs\postulaciones\index.php(13): CApplication->run()
#3 {main}
REQUEST_URI=/postulaciones/images/banner%204.jpg
HTTP_REFERER=http://localhost:81/postulaciones/
---
2014/09/25 22:32:25 [error] [exception.CHttpException.404] exception 'CHttpException' with message 'Unable to resolve the request "images/banner 3.jpg".' in C:\xampp\htdocs\yii_fw\framework\web\CWebApplication.php:286
Stack trace:
#0 C:\xampp\htdocs\yii_fw\framework\web\CWebApplication.php(141): CWebApplication->runController('images/banner 3...')
#1 C:\xampp\htdocs\yii_fw\framework\base\CApplication.php(180): CWebApplication->processRequest()
#2 C:\xampp\htdocs\postulaciones\index.php(13): CApplication->run()
#3 {main}
REQUEST_URI=/postulaciones/images/banner%203.jpg
HTTP_REFERER=http://localhost:81/postulaciones/
---
2014/09/25 22:32:25 [error] [exception.CHttpException.404] exception 'CHttpException' with message 'Unable to resolve the request "images/minibanner2.png".' in C:\xampp\htdocs\yii_fw\framework\web\CWebApplication.php:286
Stack trace:
#0 C:\xampp\htdocs\yii_fw\framework\web\CWebApplication.php(141): CWebApplication->runController('images/minibann...')
#1 C:\xampp\htdocs\yii_fw\framework\base\CApplication.php(180): CWebApplication->processRequest()
#2 C:\xampp\htdocs\postulaciones\index.php(13): CApplication->run()
#3 {main}
REQUEST_URI=/postulaciones/images/minibanner2.png
HTTP_REFERER=http://localhost:81/postulaciones/
---
2014/09/25 22:32:25 [error] [exception.CHttpException.404] exception 'CHttpException' with message 'Unable to resolve the request "images/minibanner.png".' in C:\xampp\htdocs\yii_fw\framework\web\CWebApplication.php:286
Stack trace:
#0 C:\xampp\htdocs\yii_fw\framework\web\CWebApplication.php(141): CWebApplication->runController('images/minibann...')
#1 C:\xampp\htdocs\yii_fw\framework\base\CApplication.php(180): CWebApplication->processRequest()
#2 C:\xampp\htdocs\postulaciones\index.php(13): CApplication->run()
#3 {main}
REQUEST_URI=/postulaciones/images/minibanner.png
HTTP_REFERER=http://localhost:81/postulaciones/
---
2014/09/25 22:32:49 [error] [exception.CHttpException.404] exception 'CHttpException' with message 'Unable to resolve the request "js/modernizr-2.6.1.min.js".' in C:\xampp\htdocs\yii_fw\framework\web\CWebApplication.php:286
Stack trace:
#0 C:\xampp\htdocs\yii_fw\framework\web\CWebApplication.php(141): CWebApplication->runController('js/modernizr-2....')
#1 C:\xampp\htdocs\yii_fw\framework\base\CApplication.php(180): CWebApplication->processRequest()
#2 C:\xampp\htdocs\postulaciones\index.php(13): CApplication->run()
#3 {main}
REQUEST_URI=/postulaciones/js/modernizr-2.6.1.min.js
HTTP_REFERER=http://localhost:81/postulaciones/
---
2014/09/25 22:32:49 [error] [exception.CHttpException.404] exception 'CHttpException' with message 'Unable to resolve the request "js/lean-slider.js".' in C:\xampp\htdocs\yii_fw\framework\web\CWebApplication.php:286
Stack trace:
#0 C:\xampp\htdocs\yii_fw\framework\web\CWebApplication.php(141): CWebApplication->runController('js/lean-slider....')
#1 C:\xampp\htdocs\yii_fw\framework\base\CApplication.php(180): CWebApplication->processRequest()
#2 C:\xampp\htdocs\postulaciones\index.php(13): CApplication->run()
#3 {main}
REQUEST_URI=/postulaciones/js/lean-slider.js
HTTP_REFERER=http://localhost:81/postulaciones/
---
2014/09/25 22:32:50 [error] [exception.CHttpException.404] exception 'CHttpException' with message 'Unable to resolve the request "images/banner 3.jpg".' in C:\xampp\htdocs\yii_fw\framework\web\CWebApplication.php:286
Stack trace:
#0 C:\xampp\htdocs\yii_fw\framework\web\CWebApplication.php(141): CWebApplication->runController('images/banner 3...')
#1 C:\xampp\htdocs\yii_fw\framework\base\CApplication.php(180): CWebApplication->processRequest()
#2 C:\xampp\htdocs\postulaciones\index.php(13): CApplication->run()
#3 {main}
REQUEST_URI=/postulaciones/images/banner%203.jpg
HTTP_REFERER=http://localhost:81/postulaciones/
---
2014/09/25 22:32:50 [error] [exception.CHttpException.404] exception 'CHttpException' with message 'Unable to resolve the request "images/banner 2.jpg".' in C:\xampp\htdocs\yii_fw\framework\web\CWebApplication.php:286
Stack trace:
#0 C:\xampp\htdocs\yii_fw\framework\web\CWebApplication.php(141): CWebApplication->runController('images/banner 2...')
#1 C:\xampp\htdocs\yii_fw\framework\base\CApplication.php(180): CWebApplication->processRequest()
#2 C:\xampp\htdocs\postulaciones\index.php(13): CApplication->run()
#3 {main}
REQUEST_URI=/postulaciones/images/banner%202.jpg
HTTP_REFERER=http://localhost:81/postulaciones/
---
2014/09/25 22:32:50 [error] [exception.CHttpException.404] exception 'CHttpException' with message 'Unable to resolve the request "images/banner 1.jpg".' in C:\xampp\htdocs\yii_fw\framework\web\CWebApplication.php:286
Stack trace:
#0 C:\xampp\htdocs\yii_fw\framework\web\CWebApplication.php(141): CWebApplication->runController('images/banner 1...')
#1 C:\xampp\htdocs\yii_fw\framework\base\CApplication.php(180): CWebApplication->processRequest()
#2 C:\xampp\htdocs\postulaciones\index.php(13): CApplication->run()
#3 {main}
REQUEST_URI=/postulaciones/images/banner%201.jpg
HTTP_REFERER=http://localhost:81/postulaciones/
---
2014/09/25 22:32:50 [error] [exception.CHttpException.404] exception 'CHttpException' with message 'Unable to resolve the request "images/banner 4.jpg".' in C:\xampp\htdocs\yii_fw\framework\web\CWebApplication.php:286
Stack trace:
#0 C:\xampp\htdocs\yii_fw\framework\web\CWebApplication.php(141): CWebApplication->runController('images/banner 4...')
#1 C:\xampp\htdocs\yii_fw\framework\base\CApplication.php(180): CWebApplication->processRequest()
#2 C:\xampp\htdocs\postulaciones\index.php(13): CApplication->run()
#3 {main}
REQUEST_URI=/postulaciones/images/banner%204.jpg
HTTP_REFERER=http://localhost:81/postulaciones/
---
2014/09/25 22:32:50 [error] [exception.CHttpException.404] exception 'CHttpException' with message 'Unable to resolve the request "images/banner 5.jpg".' in C:\xampp\htdocs\yii_fw\framework\web\CWebApplication.php:286
Stack trace:
#0 C:\xampp\htdocs\yii_fw\framework\web\CWebApplication.php(141): CWebApplication->runController('images/banner 5...')
#1 C:\xampp\htdocs\yii_fw\framework\base\CApplication.php(180): CWebApplication->processRequest()
#2 C:\xampp\htdocs\postulaciones\index.php(13): CApplication->run()
#3 {main}
REQUEST_URI=/postulaciones/images/banner%205.jpg
HTTP_REFERER=http://localhost:81/postulaciones/
---
2014/09/25 22:32:50 [error] [exception.CHttpException.404] exception 'CHttpException' with message 'Unable to resolve the request "images/banner 6.jpg".' in C:\xampp\htdocs\yii_fw\framework\web\CWebApplication.php:286
Stack trace:
#0 C:\xampp\htdocs\yii_fw\framework\web\CWebApplication.php(141): CWebApplication->runController('images/banner 6...')
#1 C:\xampp\htdocs\yii_fw\framework\base\CApplication.php(180): CWebApplication->processRequest()
#2 C:\xampp\htdocs\postulaciones\index.php(13): CApplication->run()
#3 {main}
REQUEST_URI=/postulaciones/images/banner%206.jpg
HTTP_REFERER=http://localhost:81/postulaciones/
---
2014/09/25 22:32:50 [error] [exception.CHttpException.404] exception 'CHttpException' with message 'Unable to resolve the request "images/minibanner.png".' in C:\xampp\htdocs\yii_fw\framework\web\CWebApplication.php:286
Stack trace:
#0 C:\xampp\htdocs\yii_fw\framework\web\CWebApplication.php(141): CWebApplication->runController('images/minibann...')
#1 C:\xampp\htdocs\yii_fw\framework\base\CApplication.php(180): CWebApplication->processRequest()
#2 C:\xampp\htdocs\postulaciones\index.php(13): CApplication->run()
#3 {main}
REQUEST_URI=/postulaciones/images/minibanner.png
HTTP_REFERER=http://localhost:81/postulaciones/
---
2014/09/25 22:32:50 [error] [exception.CHttpException.404] exception 'CHttpException' with message 'Unable to resolve the request "images/minibanner2.png".' in C:\xampp\htdocs\yii_fw\framework\web\CWebApplication.php:286
Stack trace:
#0 C:\xampp\htdocs\yii_fw\framework\web\CWebApplication.php(141): CWebApplication->runController('images/minibann...')
#1 C:\xampp\htdocs\yii_fw\framework\base\CApplication.php(180): CWebApplication->processRequest()
#2 C:\xampp\htdocs\postulaciones\index.php(13): CApplication->run()
#3 {main}
REQUEST_URI=/postulaciones/images/minibanner2.png
HTTP_REFERER=http://localhost:81/postulaciones/
---
2014/09/25 22:32:50 [error] [exception.CHttpException.404] exception 'CHttpException' with message 'Unable to resolve the request "images/banner 2.jpg".' in C:\xampp\htdocs\yii_fw\framework\web\CWebApplication.php:286
Stack trace:
#0 C:\xampp\htdocs\yii_fw\framework\web\CWebApplication.php(141): CWebApplication->runController('images/banner 2...')
#1 C:\xampp\htdocs\yii_fw\framework\base\CApplication.php(180): CWebApplication->processRequest()
#2 C:\xampp\htdocs\postulaciones\index.php(13): CApplication->run()
#3 {main}
REQUEST_URI=/postulaciones/images/banner%202.jpg
HTTP_REFERER=http://localhost:81/postulaciones/
---
2014/09/25 22:32:50 [error] [exception.CHttpException.404] exception 'CHttpException' with message 'Unable to resolve the request "images/banner 1.jpg".' in C:\xampp\htdocs\yii_fw\framework\web\CWebApplication.php:286
Stack trace:
#0 C:\xampp\htdocs\yii_fw\framework\web\CWebApplication.php(141): CWebApplication->runController('images/banner 1...')
#1 C:\xampp\htdocs\yii_fw\framework\base\CApplication.php(180): CWebApplication->processRequest()
#2 C:\xampp\htdocs\postulaciones\index.php(13): CApplication->run()
#3 {main}
REQUEST_URI=/postulaciones/images/banner%201.jpg
HTTP_REFERER=http://localhost:81/postulaciones/
---
2014/09/25 22:32:50 [error] [exception.CHttpException.404] exception 'CHttpException' with message 'Unable to resolve the request "images/banner 3.jpg".' in C:\xampp\htdocs\yii_fw\framework\web\CWebApplication.php:286
Stack trace:
#0 C:\xampp\htdocs\yii_fw\framework\web\CWebApplication.php(141): CWebApplication->runController('images/banner 3...')
#1 C:\xampp\htdocs\yii_fw\framework\base\CApplication.php(180): CWebApplication->processRequest()
#2 C:\xampp\htdocs\postulaciones\index.php(13): CApplication->run()
#3 {main}
REQUEST_URI=/postulaciones/images/banner%203.jpg
HTTP_REFERER=http://localhost:81/postulaciones/
---
2014/09/25 22:32:50 [error] [exception.CHttpException.404] exception 'CHttpException' with message 'Unable to resolve the request "images/banner 4.jpg".' in C:\xampp\htdocs\yii_fw\framework\web\CWebApplication.php:286
Stack trace:
#0 C:\xampp\htdocs\yii_fw\framework\web\CWebApplication.php(141): CWebApplication->runController('images/banner 4...')
#1 C:\xampp\htdocs\yii_fw\framework\base\CApplication.php(180): CWebApplication->processRequest()
#2 C:\xampp\htdocs\postulaciones\index.php(13): CApplication->run()
#3 {main}
REQUEST_URI=/postulaciones/images/banner%204.jpg
HTTP_REFERER=http://localhost:81/postulaciones/
---
2014/09/25 22:32:50 [error] [exception.CHttpException.404] exception 'CHttpException' with message 'Unable to resolve the request "images/banner 6.jpg".' in C:\xampp\htdocs\yii_fw\framework\web\CWebApplication.php:286
Stack trace:
#0 C:\xampp\htdocs\yii_fw\framework\web\CWebApplication.php(141): CWebApplication->runController('images/banner 6...')
#1 C:\xampp\htdocs\yii_fw\framework\base\CApplication.php(180): CWebApplication->processRequest()
#2 C:\xampp\htdocs\postulaciones\index.php(13): CApplication->run()
#3 {main}
REQUEST_URI=/postulaciones/images/banner%206.jpg
HTTP_REFERER=http://localhost:81/postulaciones/
---
2014/09/25 22:32:50 [error] [exception.CHttpException.404] exception 'CHttpException' with message 'Unable to resolve the request "images/banner 5.jpg".' in C:\xampp\htdocs\yii_fw\framework\web\CWebApplication.php:286
Stack trace:
#0 C:\xampp\htdocs\yii_fw\framework\web\CWebApplication.php(141): CWebApplication->runController('images/banner 5...')
#1 C:\xampp\htdocs\yii_fw\framework\base\CApplication.php(180): CWebApplication->processRequest()
#2 C:\xampp\htdocs\postulaciones\index.php(13): CApplication->run()
#3 {main}
REQUEST_URI=/postulaciones/images/banner%205.jpg
HTTP_REFERER=http://localhost:81/postulaciones/
---
2014/09/25 22:32:50 [error] [exception.CHttpException.404] exception 'CHttpException' with message 'Unable to resolve the request "images/minibanner.png".' in C:\xampp\htdocs\yii_fw\framework\web\CWebApplication.php:286
Stack trace:
#0 C:\xampp\htdocs\yii_fw\framework\web\CWebApplication.php(141): CWebApplication->runController('images/minibann...')
#1 C:\xampp\htdocs\yii_fw\framework\base\CApplication.php(180): CWebApplication->processRequest()
#2 C:\xampp\htdocs\postulaciones\index.php(13): CApplication->run()
#3 {main}
REQUEST_URI=/postulaciones/images/minibanner.png
HTTP_REFERER=http://localhost:81/postulaciones/
---
2014/09/25 22:32:50 [error] [exception.CHttpException.404] exception 'CHttpException' with message 'Unable to resolve the request "images/minibanner2.png".' in C:\xampp\htdocs\yii_fw\framework\web\CWebApplication.php:286
Stack trace:
#0 C:\xampp\htdocs\yii_fw\framework\web\CWebApplication.php(141): CWebApplication->runController('images/minibann...')
#1 C:\xampp\htdocs\yii_fw\framework\base\CApplication.php(180): CWebApplication->processRequest()
#2 C:\xampp\htdocs\postulaciones\index.php(13): CApplication->run()
#3 {main}
REQUEST_URI=/postulaciones/images/minibanner2.png
HTTP_REFERER=http://localhost:81/postulaciones/
---
2014/09/25 22:33:03 [error] [exception.CHttpException.404] exception 'CHttpException' with message 'Unable to resolve the request "images/banner 2.jpg".' in C:\xampp\htdocs\yii_fw\framework\web\CWebApplication.php:286
Stack trace:
#0 C:\xampp\htdocs\yii_fw\framework\web\CWebApplication.php(141): CWebApplication->runController('images/banner 2...')
#1 C:\xampp\htdocs\yii_fw\framework\base\CApplication.php(180): CWebApplication->processRequest()
#2 C:\xampp\htdocs\postulaciones\index.php(13): CApplication->run()
#3 {main}
REQUEST_URI=/postulaciones/images/banner%202.jpg
HTTP_REFERER=http://localhost:81/postulaciones/
---
2014/09/25 22:33:03 [error] [exception.CHttpException.404] exception 'CHttpException' with message 'Unable to resolve the request "js/lean-slider.js".' in C:\xampp\htdocs\yii_fw\framework\web\CWebApplication.php:286
Stack trace:
#0 C:\xampp\htdocs\yii_fw\framework\web\CWebApplication.php(141): CWebApplication->runController('js/lean-slider....')
#1 C:\xampp\htdocs\yii_fw\framework\base\CApplication.php(180): CWebApplication->processRequest()
#2 C:\xampp\htdocs\postulaciones\index.php(13): CApplication->run()
#3 {main}
REQUEST_URI=/postulaciones/js/lean-slider.js
HTTP_REFERER=http://localhost:81/postulaciones/
---
2014/09/25 22:33:03 [error] [exception.CHttpException.404] exception 'CHttpException' with message 'Unable to resolve the request "js/modernizr-2.6.1.min.js".' in C:\xampp\htdocs\yii_fw\framework\web\CWebApplication.php:286
Stack trace:
#0 C:\xampp\htdocs\yii_fw\framework\web\CWebApplication.php(141): CWebApplication->runController('js/modernizr-2....')
#1 C:\xampp\htdocs\yii_fw\framework\base\CApplication.php(180): CWebApplication->processRequest()
#2 C:\xampp\htdocs\postulaciones\index.php(13): CApplication->run()
#3 {main}
REQUEST_URI=/postulaciones/js/modernizr-2.6.1.min.js
HTTP_REFERER=http://localhost:81/postulaciones/
---
2014/09/25 22:33:03 [error] [exception.CHttpException.404] exception 'CHttpException' with message 'Unable to resolve the request "images/banner 1.jpg".' in C:\xampp\htdocs\yii_fw\framework\web\CWebApplication.php:286
Stack trace:
#0 C:\xampp\htdocs\yii_fw\framework\web\CWebApplication.php(141): CWebApplication->runController('images/banner 1...')
#1 C:\xampp\htdocs\yii_fw\framework\base\CApplication.php(180): CWebApplication->processRequest()
#2 C:\xampp\htdocs\postulaciones\index.php(13): CApplication->run()
#3 {main}
REQUEST_URI=/postulaciones/images/banner%201.jpg
HTTP_REFERER=http://localhost:81/postulaciones/
---
2014/09/25 22:33:04 [error] [exception.CHttpException.404] exception 'CHttpException' with message 'Unable to resolve the request "images/banner 3.jpg".' in C:\xampp\htdocs\yii_fw\framework\web\CWebApplication.php:286
Stack trace:
#0 C:\xampp\htdocs\yii_fw\framework\web\CWebApplication.php(141): CWebApplication->runController('images/banner 3...')
#1 C:\xampp\htdocs\yii_fw\framework\base\CApplication.php(180): CWebApplication->processRequest()
#2 C:\xampp\htdocs\postulaciones\index.php(13): CApplication->run()
#3 {main}
REQUEST_URI=/postulaciones/images/banner%203.jpg
HTTP_REFERER=http://localhost:81/postulaciones/
---
2014/09/25 22:33:04 [error] [exception.CHttpException.404] exception 'CHttpException' with message 'Unable to resolve the request "images/banner 4.jpg".' in C:\xampp\htdocs\yii_fw\framework\web\CWebApplication.php:286
Stack trace:
#0 C:\xampp\htdocs\yii_fw\framework\web\CWebApplication.php(141): CWebApplication->runController('images/banner 4...')
#1 C:\xampp\htdocs\yii_fw\framework\base\CApplication.php(180): CWebApplication->processRequest()
#2 C:\xampp\htdocs\postulaciones\index.php(13): CApplication->run()
#3 {main}
REQUEST_URI=/postulaciones/images/banner%204.jpg
HTTP_REFERER=http://localhost:81/postulaciones/
---
2014/09/25 22:33:04 [error] [exception.CHttpException.404] exception 'CHttpException' with message 'Unable to resolve the request "images/banner 5.jpg".' in C:\xampp\htdocs\yii_fw\framework\web\CWebApplication.php:286
Stack trace:
#0 C:\xampp\htdocs\yii_fw\framework\web\CWebApplication.php(141): CWebApplication->runController('images/banner 5...')
#1 C:\xampp\htdocs\yii_fw\framework\base\CApplication.php(180): CWebApplication->processRequest()
#2 C:\xampp\htdocs\postulaciones\index.php(13): CApplication->run()
#3 {main}
REQUEST_URI=/postulaciones/images/banner%205.jpg
HTTP_REFERER=http://localhost:81/postulaciones/
---
2014/09/25 22:33:04 [error] [exception.CHttpException.404] exception 'CHttpException' with message 'Unable to resolve the request "images/banner 6.jpg".' in C:\xampp\htdocs\yii_fw\framework\web\CWebApplication.php:286
Stack trace:
#0 C:\xampp\htdocs\yii_fw\framework\web\CWebApplication.php(141): CWebApplication->runController('images/banner 6...')
#1 C:\xampp\htdocs\yii_fw\framework\base\CApplication.php(180): CWebApplication->processRequest()
#2 C:\xampp\htdocs\postulaciones\index.php(13): CApplication->run()
#3 {main}
REQUEST_URI=/postulaciones/images/banner%206.jpg
HTTP_REFERER=http://localhost:81/postulaciones/
---
2014/09/25 22:33:04 [error] [exception.CHttpException.404] exception 'CHttpException' with message 'Unable to resolve the request "images/minibanner.png".' in C:\xampp\htdocs\yii_fw\framework\web\CWebApplication.php:286
Stack trace:
#0 C:\xampp\htdocs\yii_fw\framework\web\CWebApplication.php(141): CWebApplication->runController('images/minibann...')
#1 C:\xampp\htdocs\yii_fw\framework\base\CApplication.php(180): CWebApplication->processRequest()
#2 C:\xampp\htdocs\postulaciones\index.php(13): CApplication->run()
#3 {main}
REQUEST_URI=/postulaciones/images/minibanner.png
HTTP_REFERER=http://localhost:81/postulaciones/
---
2014/09/25 22:33:04 [error] [exception.CHttpException.404] exception 'CHttpException' with message 'Unable to resolve the request "images/minibanner2.png".' in C:\xampp\htdocs\yii_fw\framework\web\CWebApplication.php:286
Stack trace:
#0 C:\xampp\htdocs\yii_fw\framework\web\CWebApplication.php(141): CWebApplication->runController('images/minibann...')
#1 C:\xampp\htdocs\yii_fw\framework\base\CApplication.php(180): CWebApplication->processRequest()
#2 C:\xampp\htdocs\postulaciones\index.php(13): CApplication->run()
#3 {main}
REQUEST_URI=/postulaciones/images/minibanner2.png
HTTP_REFERER=http://localhost:81/postulaciones/
---
2014/09/25 22:33:04 [error] [exception.CHttpException.404] exception 'CHttpException' with message 'Unable to resolve the request "images/banner 2.jpg".' in C:\xampp\htdocs\yii_fw\framework\web\CWebApplication.php:286
Stack trace:
#0 C:\xampp\htdocs\yii_fw\framework\web\CWebApplication.php(141): CWebApplication->runController('images/banner 2...')
#1 C:\xampp\htdocs\yii_fw\framework\base\CApplication.php(180): CWebApplication->processRequest()
#2 C:\xampp\htdocs\postulaciones\index.php(13): CApplication->run()
#3 {main}
REQUEST_URI=/postulaciones/images/banner%202.jpg
HTTP_REFERER=http://localhost:81/postulaciones/
---
2014/09/25 22:33:32 [error] [exception.CHttpException.404] exception 'CHttpException' with message 'Unable to resolve the request "js/modernizr-2.6.1.min.js".' in C:\xampp\htdocs\yii_fw\framework\web\CWebApplication.php:286
Stack trace:
#0 C:\xampp\htdocs\yii_fw\framework\web\CWebApplication.php(141): CWebApplication->runController('js/modernizr-2....')
#1 C:\xampp\htdocs\yii_fw\framework\base\CApplication.php(180): CWebApplication->processRequest()
#2 C:\xampp\htdocs\postulaciones\index.php(13): CApplication->run()
#3 {main}
REQUEST_URI=/postulaciones/js/modernizr-2.6.1.min.js
HTTP_REFERER=http://localhost:81/postulaciones/
---
2014/09/25 22:33:32 [error] [exception.CHttpException.404] exception 'CHttpException' with message 'Unable to resolve the request "js/lean-slider.js".' in C:\xampp\htdocs\yii_fw\framework\web\CWebApplication.php:286
Stack trace:
#0 C:\xampp\htdocs\yii_fw\framework\web\CWebApplication.php(141): CWebApplication->runController('js/lean-slider....')
#1 C:\xampp\htdocs\yii_fw\framework\base\CApplication.php(180): CWebApplication->processRequest()
#2 C:\xampp\htdocs\postulaciones\index.php(13): CApplication->run()
#3 {main}
REQUEST_URI=/postulaciones/js/lean-slider.js
HTTP_REFERER=http://localhost:81/postulaciones/
---
2014/09/25 22:33:32 [error] [exception.CHttpException.404] exception 'CHttpException' with message 'Unable to resolve the request "images/minibanner.png".' in C:\xampp\htdocs\yii_fw\framework\web\CWebApplication.php:286
Stack trace:
#0 C:\xampp\htdocs\yii_fw\framework\web\CWebApplication.php(141): CWebApplication->runController('images/minibann...')
#1 C:\xampp\htdocs\yii_fw\framework\base\CApplication.php(180): CWebApplication->processRequest()
#2 C:\xampp\htdocs\postulaciones\index.php(13): CApplication->run()
#3 {main}
REQUEST_URI=/postulaciones/images/minibanner.png
HTTP_REFERER=http://localhost:81/postulaciones/
---
2014/09/25 22:33:32 [error] [exception.CHttpException.404] exception 'CHttpException' with message 'Unable to resolve the request "images/minibanner2.png".' in C:\xampp\htdocs\yii_fw\framework\web\CWebApplication.php:286
Stack trace:
#0 C:\xampp\htdocs\yii_fw\framework\web\CWebApplication.php(141): CWebApplication->runController('images/minibann...')
#1 C:\xampp\htdocs\yii_fw\framework\base\CApplication.php(180): CWebApplication->processRequest()
#2 C:\xampp\htdocs\postulaciones\index.php(13): CApplication->run()
#3 {main}
REQUEST_URI=/postulaciones/images/minibanner2.png
HTTP_REFERER=http://localhost:81/postulaciones/
---
2014/09/25 22:33:32 [error] [exception.CHttpException.404] exception 'CHttpException' with message 'Unable to resolve the request "images/minibanner2.png".' in C:\xampp\htdocs\yii_fw\framework\web\CWebApplication.php:286
Stack trace:
#0 C:\xampp\htdocs\yii_fw\framework\web\CWebApplication.php(141): CWebApplication->runController('images/minibann...')
#1 C:\xampp\htdocs\yii_fw\framework\base\CApplication.php(180): CWebApplication->processRequest()
#2 C:\xampp\htdocs\postulaciones\index.php(13): CApplication->run()
#3 {main}
REQUEST_URI=/postulaciones/images/minibanner2.png
HTTP_REFERER=http://localhost:81/postulaciones/
---
2014/09/25 22:33:32 [error] [exception.CHttpException.404] exception 'CHttpException' with message 'Unable to resolve the request "images/minibanner.png".' in C:\xampp\htdocs\yii_fw\framework\web\CWebApplication.php:286
Stack trace:
#0 C:\xampp\htdocs\yii_fw\framework\web\CWebApplication.php(141): CWebApplication->runController('images/minibann...')
#1 C:\xampp\htdocs\yii_fw\framework\base\CApplication.php(180): CWebApplication->processRequest()
#2 C:\xampp\htdocs\postulaciones\index.php(13): CApplication->run()
#3 {main}
REQUEST_URI=/postulaciones/images/minibanner.png
HTTP_REFERER=http://localhost:81/postulaciones/
---
2014/09/25 22:33:47 [error] [exception.CHttpException.404] exception 'CHttpException' with message 'Unable to resolve the request "js/modernizr-2.6.1.min.js".' in C:\xampp\htdocs\yii_fw\framework\web\CWebApplication.php:286
Stack trace:
#0 C:\xampp\htdocs\yii_fw\framework\web\CWebApplication.php(141): CWebApplication->runController('js/modernizr-2....')
#1 C:\xampp\htdocs\yii_fw\framework\base\CApplication.php(180): CWebApplication->processRequest()
#2 C:\xampp\htdocs\postulaciones\index.php(13): CApplication->run()
#3 {main}
REQUEST_URI=/postulaciones/js/modernizr-2.6.1.min.js
HTTP_REFERER=http://localhost:81/postulaciones/
---
2014/09/25 22:33:47 [error] [exception.CHttpException.404] exception 'CHttpException' with message 'Unable to resolve the request "js/lean-slider.js".' in C:\xampp\htdocs\yii_fw\framework\web\CWebApplication.php:286
Stack trace:
#0 C:\xampp\htdocs\yii_fw\framework\web\CWebApplication.php(141): CWebApplication->runController('js/lean-slider....')
#1 C:\xampp\htdocs\yii_fw\framework\base\CApplication.php(180): CWebApplication->processRequest()
#2 C:\xampp\htdocs\postulaciones\index.php(13): CApplication->run()
#3 {main}
REQUEST_URI=/postulaciones/js/lean-slider.js
HTTP_REFERER=http://localhost:81/postulaciones/
---
2014/09/25 22:34:48 [error] [exception.CHttpException.404] exception 'CHttpException' with message 'Unable to resolve the request "js/lean-slider.js".' in C:\xampp\htdocs\yii_fw\framework\web\CWebApplication.php:286
Stack trace:
#0 C:\xampp\htdocs\yii_fw\framework\web\CWebApplication.php(141): CWebApplication->runController('js/lean-slider....')
#1 C:\xampp\htdocs\yii_fw\framework\base\CApplication.php(180): CWebApplication->processRequest()
#2 C:\xampp\htdocs\postulaciones\index.php(13): CApplication->run()
#3 {main}
REQUEST_URI=/postulaciones/js/lean-slider.js
HTTP_REFERER=http://localhost:81/postulaciones/
---
2014/09/25 22:34:48 [error] [exception.CHttpException.404] exception 'CHttpException' with message 'Unable to resolve the request "js/modernizr-2.6.1.min.js".' in C:\xampp\htdocs\yii_fw\framework\web\CWebApplication.php:286
Stack trace:
#0 C:\xampp\htdocs\yii_fw\framework\web\CWebApplication.php(141): CWebApplication->runController('js/modernizr-2....')
#1 C:\xampp\htdocs\yii_fw\framework\base\CApplication.php(180): CWebApplication->processRequest()
#2 C:\xampp\htdocs\postulaciones\index.php(13): CApplication->run()
#3 {main}
REQUEST_URI=/postulaciones/js/modernizr-2.6.1.min.js
HTTP_REFERER=http://localhost:81/postulaciones/
---
2014/09/25 22:34:56 [error] [exception.CHttpException.404] exception 'CHttpException' with message 'Unable to resolve the request "js/lean-slider.js".' in C:\xampp\htdocs\yii_fw\framework\web\CWebApplication.php:286
Stack trace:
#0 C:\xampp\htdocs\yii_fw\framework\web\CWebApplication.php(141): CWebApplication->runController('js/lean-slider....')
#1 C:\xampp\htdocs\yii_fw\framework\base\CApplication.php(180): CWebApplication->processRequest()
#2 C:\xampp\htdocs\postulaciones\index.php(13): CApplication->run()
#3 {main}
REQUEST_URI=/postulaciones/js/lean-slider.js
HTTP_REFERER=http://localhost:81/postulaciones/
---
2014/09/25 22:34:56 [error] [exception.CHttpException.404] exception 'CHttpException' with message 'Unable to resolve the request "js/modernizr-2.6.1.min.js".' in C:\xampp\htdocs\yii_fw\framework\web\CWebApplication.php:286
Stack trace:
#0 C:\xampp\htdocs\yii_fw\framework\web\CWebApplication.php(141): CWebApplication->runController('js/modernizr-2....')
#1 C:\xampp\htdocs\yii_fw\framework\base\CApplication.php(180): CWebApplication->processRequest()
#2 C:\xampp\htdocs\postulaciones\index.php(13): CApplication->run()
#3 {main}
REQUEST_URI=/postulaciones/js/modernizr-2.6.1.min.js
HTTP_REFERER=http://localhost:81/postulaciones/
---
2014/09/25 22:38:44 [error] [exception.CHttpException.404] exception 'CHttpException' with message 'Unable to resolve the request "js/modernizr-2.6.1.min.js".' in C:\xampp\htdocs\yii_fw\framework\web\CWebApplication.php:286
Stack trace:
#0 C:\xampp\htdocs\yii_fw\framework\web\CWebApplication.php(141): CWebApplication->runController('js/modernizr-2....')
#1 C:\xampp\htdocs\yii_fw\framework\base\CApplication.php(180): CWebApplication->processRequest()
#2 C:\xampp\htdocs\postulaciones\index.php(13): CApplication->run()
#3 {main}
REQUEST_URI=/postulaciones/js/modernizr-2.6.1.min.js
HTTP_REFERER=http://localhost:81/postulaciones/
---
2014/09/25 22:38:44 [error] [exception.CHttpException.404] exception 'CHttpException' with message 'Unable to resolve the request "js/lean-slider.js".' in C:\xampp\htdocs\yii_fw\framework\web\CWebApplication.php:286
Stack trace:
#0 C:\xampp\htdocs\yii_fw\framework\web\CWebApplication.php(141): CWebApplication->runController('js/lean-slider....')
#1 C:\xampp\htdocs\yii_fw\framework\base\CApplication.php(180): CWebApplication->processRequest()
#2 C:\xampp\htdocs\postulaciones\index.php(13): CApplication->run()
#3 {main}
REQUEST_URI=/postulaciones/js/lean-slider.js
HTTP_REFERER=http://localhost:81/postulaciones/
---
2014/09/25 22:41:33 [error] [exception.CHttpException.404] exception 'CHttpException' with message 'Unable to resolve the request "js/modernizr-2.6.1.min.js".' in C:\xampp\htdocs\yii_fw\framework\web\CWebApplication.php:286
Stack trace:
#0 C:\xampp\htdocs\yii_fw\framework\web\CWebApplication.php(141): CWebApplication->runController('js/modernizr-2....')
#1 C:\xampp\htdocs\yii_fw\framework\base\CApplication.php(180): CWebApplication->processRequest()
#2 C:\xampp\htdocs\postulaciones\index.php(13): CApplication->run()
#3 {main}
REQUEST_URI=/postulaciones/js/modernizr-2.6.1.min.js
HTTP_REFERER=http://localhost:81/postulaciones/site/index
---
2014/09/25 22:41:33 [error] [exception.CHttpException.404] exception 'CHttpException' with message 'Unable to resolve the request "js/lean-slider.js".' in C:\xampp\htdocs\yii_fw\framework\web\CWebApplication.php:286
Stack trace:
#0 C:\xampp\htdocs\yii_fw\framework\web\CWebApplication.php(141): CWebApplication->runController('js/lean-slider....')
#1 C:\xampp\htdocs\yii_fw\framework\base\CApplication.php(180): CWebApplication->processRequest()
#2 C:\xampp\htdocs\postulaciones\index.php(13): CApplication->run()
#3 {main}
REQUEST_URI=/postulaciones/js/lean-slider.js
HTTP_REFERER=http://localhost:81/postulaciones/site/index
---
2014/09/25 22:45:57 [error] [exception.CHttpException.404] exception 'CHttpException' with message 'Unable to resolve the request "js/modernizr-2.6.1.min.js".' in C:\xampp\htdocs\yii_fw\framework\web\CWebApplication.php:286
Stack trace:
#0 C:\xampp\htdocs\yii_fw\framework\web\CWebApplication.php(141): CWebApplication->runController('js/modernizr-2....')
#1 C:\xampp\htdocs\yii_fw\framework\base\CApplication.php(180): CWebApplication->processRequest()
#2 C:\xampp\htdocs\postulaciones\index.php(13): CApplication->run()
#3 {main}
REQUEST_URI=/postulaciones/js/modernizr-2.6.1.min.js
HTTP_REFERER=http://localhost:81/postulaciones/site/index
---
2014/09/25 22:45:57 [error] [exception.CHttpException.404] exception 'CHttpException' with message 'Unable to resolve the request "js/lean-slider.js".' in C:\xampp\htdocs\yii_fw\framework\web\CWebApplication.php:286
Stack trace:
#0 C:\xampp\htdocs\yii_fw\framework\web\CWebApplication.php(141): CWebApplication->runController('js/lean-slider....')
#1 C:\xampp\htdocs\yii_fw\framework\base\CApplication.php(180): CWebApplication->processRequest()
#2 C:\xampp\htdocs\postulaciones\index.php(13): CApplication->run()
#3 {main}
REQUEST_URI=/postulaciones/js/lean-slider.js
HTTP_REFERER=http://localhost:81/postulaciones/site/index
---
2014/09/25 22:49:45 [error] [exception.CHttpException.404] exception 'CHttpException' with message 'Unable to resolve the request "js/modernizr-2.6.1.min.js".' in C:\xampp\htdocs\yii_fw\framework\web\CWebApplication.php:286
Stack trace:
#0 C:\xampp\htdocs\yii_fw\framework\web\CWebApplication.php(141): CWebApplication->runController('js/modernizr-2....')
#1 C:\xampp\htdocs\yii_fw\framework\base\CApplication.php(180): CWebApplication->processRequest()
#2 C:\xampp\htdocs\postulaciones\index.php(13): CApplication->run()
#3 {main}
REQUEST_URI=/postulaciones/js/modernizr-2.6.1.min.js
HTTP_REFERER=http://localhost:81/postulaciones/site/index
---
2014/09/25 22:49:45 [error] [exception.CHttpException.404] exception 'CHttpException' with message 'Unable to resolve the request "js/lean-slider.js".' in C:\xampp\htdocs\yii_fw\framework\web\CWebApplication.php:286
Stack trace:
#0 C:\xampp\htdocs\yii_fw\framework\web\CWebApplication.php(141): CWebApplication->runController('js/lean-slider....')
#1 C:\xampp\htdocs\yii_fw\framework\base\CApplication.php(180): CWebApplication->processRequest()
#2 C:\xampp\htdocs\postulaciones\index.php(13): CApplication->run()
#3 {main}
REQUEST_URI=/postulaciones/js/lean-slider.js
HTTP_REFERER=http://localhost:81/postulaciones/site/index
---
2014/09/25 22:53:26 [error] [exception.CHttpException.404] exception 'CHttpException' with message 'Unable to resolve the request "js/lean-slider.js".' in C:\xampp\htdocs\yii_fw\framework\web\CWebApplication.php:286
Stack trace:
#0 C:\xampp\htdocs\yii_fw\framework\web\CWebApplication.php(141): CWebApplication->runController('js/lean-slider....')
#1 C:\xampp\htdocs\yii_fw\framework\base\CApplication.php(180): CWebApplication->processRequest()
#2 C:\xampp\htdocs\postulaciones\index.php(13): CApplication->run()
#3 {main}
REQUEST_URI=/postulaciones/js/lean-slider.js
HTTP_REFERER=http://localhost:81/postulaciones/
---
2014/09/25 22:53:26 [error] [exception.CHttpException.404] exception 'CHttpException' with message 'Unable to resolve the request "js/modernizr-2.6.1.min.js".' in C:\xampp\htdocs\yii_fw\framework\web\CWebApplication.php:286
Stack trace:
#0 C:\xampp\htdocs\yii_fw\framework\web\CWebApplication.php(141): CWebApplication->runController('js/modernizr-2....')
#1 C:\xampp\htdocs\yii_fw\framework\base\CApplication.php(180): CWebApplication->processRequest()
#2 C:\xampp\htdocs\postulaciones\index.php(13): CApplication->run()
#3 {main}
REQUEST_URI=/postulaciones/js/modernizr-2.6.1.min.js
HTTP_REFERER=http://localhost:81/postulaciones/
---
2014/09/25 22:53:43 [error] [exception.CHttpException.404] exception 'CHttpException' with message 'Unable to resolve the request "personas".' in C:\xampp\htdocs\yii_fw\framework\web\CWebApplication.php:286
Stack trace:
#0 C:\xampp\htdocs\yii_fw\framework\web\CWebApplication.php(141): CWebApplication->runController('personas')
#1 C:\xampp\htdocs\yii_fw\framework\base\CApplication.php(180): CWebApplication->processRequest()
#2 C:\xampp\htdocs\postulaciones\index.php(13): CApplication->run()
#3 {main}
REQUEST_URI=/postulaciones/personas
---
2014/09/25 22:57:41 [error] [exception.CHttpException.404] exception 'CHttpException' with message 'Unable to resolve the request "js/lean-slider.js".' in C:\xampp\htdocs\yii_fw\framework\web\CWebApplication.php:286
Stack trace:
#0 C:\xampp\htdocs\yii_fw\framework\web\CWebApplication.php(141): CWebApplication->runController('js/lean-slider....')
#1 C:\xampp\htdocs\yii_fw\framework\base\CApplication.php(180): CWebApplication->processRequest()
#2 C:\xampp\htdocs\postulaciones\index.php(13): CApplication->run()
#3 {main}
REQUEST_URI=/postulaciones/js/lean-slider.js
HTTP_REFERER=http://localhost:81/postulaciones/
---
2014/09/25 22:57:41 [error] [exception.CHttpException.404] exception 'CHttpException' with message 'Unable to resolve the request "js/modernizr-2.6.1.min.js".' in C:\xampp\htdocs\yii_fw\framework\web\CWebApplication.php:286
Stack trace:
#0 C:\xampp\htdocs\yii_fw\framework\web\CWebApplication.php(141): CWebApplication->runController('js/modernizr-2....')
#1 C:\xampp\htdocs\yii_fw\framework\base\CApplication.php(180): CWebApplication->processRequest()
#2 C:\xampp\htdocs\postulaciones\index.php(13): CApplication->run()
#3 {main}
REQUEST_URI=/postulaciones/js/modernizr-2.6.1.min.js
HTTP_REFERER=http://localhost:81/postulaciones/
---
2014/09/25 23:04:35 [error] [exception.CHttpException.404] exception 'CHttpException' with message 'Unable to resolve the request "js/modernizr-2.6.1.min.js".' in C:\xampp\htdocs\yii_fw\framework\web\CWebApplication.php:286
Stack trace:
#0 C:\xampp\htdocs\yii_fw\framework\web\CWebApplication.php(141): CWebApplication->runController('js/modernizr-2....')
#1 C:\xampp\htdocs\yii_fw\framework\base\CApplication.php(180): CWebApplication->processRequest()
#2 C:\xampp\htdocs\postulaciones\index.php(13): CApplication->run()
#3 {main}
REQUEST_URI=/postulaciones/js/modernizr-2.6.1.min.js
HTTP_REFERER=http://localhost:81/postulaciones/index.php?r=stock/quote
---
2014/09/25 23:04:35 [error] [exception.CHttpException.404] exception 'CHttpException' with message 'Unable to resolve the request "js/lean-slider.js".' in C:\xampp\htdocs\yii_fw\framework\web\CWebApplication.php:286
Stack trace:
#0 C:\xampp\htdocs\yii_fw\framework\web\CWebApplication.php(141): CWebApplication->runController('js/lean-slider....')
#1 C:\xampp\htdocs\yii_fw\framework\base\CApplication.php(180): CWebApplication->processRequest()
#2 C:\xampp\htdocs\postulaciones\index.php(13): CApplication->run()
#3 {main}
REQUEST_URI=/postulaciones/js/lean-slider.js
HTTP_REFERER=http://localhost:81/postulaciones/index.php?r=stock/quote
---
2014/09/25 23:06:36 [error] [exception.CHttpException.404] exception 'CHttpException' with message 'Unable to resolve the request "js/modernizr-2.6.1.min.js".' in C:\xampp\htdocs\yii_fw\framework\web\CWebApplication.php:286
Stack trace:
#0 C:\xampp\htdocs\yii_fw\framework\web\CWebApplication.php(141): CWebApplication->runController('js/modernizr-2....')
#1 C:\xampp\htdocs\yii_fw\framework\base\CApplication.php(180): CWebApplication->processRequest()
#2 C:\xampp\htdocs\postulaciones\index.php(13): CApplication->run()
#3 {main}
REQUEST_URI=/postulaciones/js/modernizr-2.6.1.min.js
HTTP_REFERER=http://localhost:81/postulaciones/index.php?r=stock/quote
---
2014/09/25 23:06:36 [error] [exception.CHttpException.404] exception 'CHttpException' with message 'Unable to resolve the request "js/lean-slider.js".' in C:\xampp\htdocs\yii_fw\framework\web\CWebApplication.php:286
Stack trace:
#0 C:\xampp\htdocs\yii_fw\framework\web\CWebApplication.php(141): CWebApplication->runController('js/lean-slider....')
#1 C:\xampp\htdocs\yii_fw\framework\base\CApplication.php(180): CWebApplication->processRequest()
#2 C:\xampp\htdocs\postulaciones\index.php(13): CApplication->run()
#3 {main}
REQUEST_URI=/postulaciones/js/lean-slider.js
HTTP_REFERER=http://localhost:81/postulaciones/index.php?r=stock/quote
---
2014/09/25 23:30:18 [error] [php] Undefined variable: users (C:\xampp\htdocs\postulaciones\protected\components\UserIdentity.php:21)
Stack trace:
#0 C:\xampp\htdocs\yii_fw\framework\validators\CValidator.php(213): CInlineValidator->validateAttribute()
#1 C:\xampp\htdocs\yii_fw\framework\base\CModel.php(159): CInlineValidator->validate()
#2 C:\xampp\htdocs\postulaciones\protected\controllers\SiteController.php(94): LoginForm->validate()
#3 C:\xampp\htdocs\yii_fw\framework\web\actions\CInlineAction.php(49): SiteController->actionLogin()
#4 C:\xampp\htdocs\yii_fw\framework\web\CController.php(308): CInlineAction->runWithParams()
#5 C:\xampp\htdocs\yii_fw\framework\web\CController.php(286): SiteController->runAction()
#6 C:\xampp\htdocs\yii_fw\framework\web\CController.php(265): SiteController->runActionWithFilters()
#7 C:\xampp\htdocs\yii_fw\framework\web\CWebApplication.php(282): SiteController->run()
#8 C:\xampp\htdocs\yii_fw\framework\web\CWebApplication.php(141): CWebApplication->runController()
#9 C:\xampp\htdocs\yii_fw\framework\base\CApplication.php(180): CWebApplication->processRequest()
#10 C:\xampp\htdocs\postulaciones\index.php(13): CWebApplication->run()
REQUEST_URI=/postulaciones/site/login
in C:\xampp\htdocs\postulaciones\protected\components\UserIdentity.php (21)
in C:\xampp\htdocs\postulaciones\protected\models\LoginForm.php (52)
in C:\xampp\htdocs\postulaciones\protected\controllers\SiteController.php (94)
2014/09/25 23:50:51 [error] [exception.SoapFault] SoapFault exception: [WSDL] SOAP-ERROR: Parsing WSDL: Couldn't load from 'http://localhost:81/webservice/index.php?r=usuario/quote' : Extra content at the end of the document
 in C:\xampp\htdocs\postulaciones\protected\components\UserIdentity.php:21
Stack trace:
#0 C:\xampp\htdocs\postulaciones\protected\components\UserIdentity.php(21): SoapClient->SoapClient('http://localhos...')
#1 C:\xampp\htdocs\postulaciones\protected\models\LoginForm.php(52): UserIdentity->authenticate()
#2 C:\xampp\htdocs\yii_fw\framework\validators\CInlineValidator.php(42): LoginForm->authenticate('password', Array)
#3 C:\xampp\htdocs\yii_fw\framework\validators\CValidator.php(213): CInlineValidator->validateAttribute(Object(LoginForm), 'password')
#4 C:\xampp\htdocs\yii_fw\framework\base\CModel.php(159): CValidator->validate(Object(LoginForm), NULL)
#5 C:\xampp\htdocs\postulaciones\protected\controllers\SiteController.php(94): CModel->validate()
#6 C:\xampp\htdocs\yii_fw\framework\web\actions\CInlineAction.php(49): SiteController->actionLogin()
#7 C:\xampp\htdocs\yii_fw\framework\web\CController.php(308): CInlineAction->runWithParams(Array)
#8 C:\xampp\htdocs\yii_fw\framework\web\CController.php(286): CController->runAction(Object(CInlineAction))
#9 C:\xampp\htdocs\yii_fw\framework\web\CController.php(265): CController->runActionWithFilters(Object(CInlineAction), Array)
#10 C:\xampp\htdocs\yii_fw\framework\web\CWebApplication.php(282): CController->run('login')
#11 C:\xampp\htdocs\yii_fw\framework\web\CWebApplication.php(141): CWebApplication->runController('site/login')
#12 C:\xampp\htdocs\yii_fw\framework\base\CApplication.php(180): CWebApplication->processRequest()
#13 C:\xampp\htdocs\postulaciones\index.php(13): CApplication->run()
#14 {main}
REQUEST_URI=/postulaciones/site/login
HTTP_REFERER=http://localhost:81/postulaciones/site/login
---
2014/09/25 23:51:48 [error] [php] Object of class SoapClient could not be converted to int (C:\xampp\htdocs\postulaciones\protected\components\UserIdentity.php:23)
Stack trace:
#0 C:\xampp\htdocs\yii_fw\framework\validators\CValidator.php(213): CInlineValidator->validateAttribute()
#1 C:\xampp\htdocs\yii_fw\framework\base\CModel.php(159): CInlineValidator->validate()
#2 C:\xampp\htdocs\postulaciones\protected\controllers\SiteController.php(94): LoginForm->validate()
#3 C:\xampp\htdocs\yii_fw\framework\web\actions\CInlineAction.php(49): SiteController->actionLogin()
#4 C:\xampp\htdocs\yii_fw\framework\web\CController.php(308): CInlineAction->runWithParams()
#5 C:\xampp\htdocs\yii_fw\framework\web\CController.php(286): SiteController->runAction()
#6 C:\xampp\htdocs\yii_fw\framework\web\CController.php(265): SiteController->runActionWithFilters()
#7 C:\xampp\htdocs\yii_fw\framework\web\CWebApplication.php(282): SiteController->run()
#8 C:\xampp\htdocs\yii_fw\framework\web\CWebApplication.php(141): CWebApplication->runController()
#9 C:\xampp\htdocs\yii_fw\framework\base\CApplication.php(180): CWebApplication->processRequest()
#10 C:\xampp\htdocs\postulaciones\index.php(13): CWebApplication->run()
REQUEST_URI=/postulaciones/site/login
in C:\xampp\htdocs\postulaciones\protected\components\UserIdentity.php (23)
in C:\xampp\htdocs\postulaciones\protected\models\LoginForm.php (52)
in C:\xampp\htdocs\postulaciones\protected\controllers\SiteController.php (94)
2014/09/26 00:10:54 [error] [exception.CHttpException.404] exception 'CHttpException' with message 'Unable to resolve the request "js/modernizr-2.6.1.min.js".' in C:\xampp\htdocs\yii_fw\framework\web\CWebApplication.php:286
Stack trace:
#0 C:\xampp\htdocs\yii_fw\framework\web\CWebApplication.php(141): CWebApplication->runController('js/modernizr-2....')
#1 C:\xampp\htdocs\yii_fw\framework\base\CApplication.php(180): CWebApplication->processRequest()
#2 C:\xampp\htdocs\postulaciones\index.php(13): CApplication->run()
#3 {main}
REQUEST_URI=/postulaciones/js/modernizr-2.6.1.min.js
HTTP_REFERER=http://localhost:81/postulaciones/
---
2014/09/26 00:10:54 [error] [exception.CHttpException.404] exception 'CHttpException' with message 'Unable to resolve the request "js/lean-slider.js".' in C:\xampp\htdocs\yii_fw\framework\web\CWebApplication.php:286
Stack trace:
#0 C:\xampp\htdocs\yii_fw\framework\web\CWebApplication.php(141): CWebApplication->runController('js/lean-slider....')
#1 C:\xampp\htdocs\yii_fw\framework\base\CApplication.php(180): CWebApplication->processRequest()
#2 C:\xampp\htdocs\postulaciones\index.php(13): CApplication->run()
#3 {main}
REQUEST_URI=/postulaciones/js/lean-slider.js
HTTP_REFERER=http://localhost:81/postulaciones/
---
2014/09/26 00:11:18 [error] [exception.CHttpException.404] exception 'CHttpException' with message 'Unable to resolve the request "js/modernizr-2.6.1.min.js".' in C:\xampp\htdocs\yii_fw\framework\web\CWebApplication.php:286
Stack trace:
#0 C:\xampp\htdocs\yii_fw\framework\web\CWebApplication.php(141): CWebApplication->runController('js/modernizr-2....')
#1 C:\xampp\htdocs\yii_fw\framework\base\CApplication.php(180): CWebApplication->processRequest()
#2 C:\xampp\htdocs\postulaciones\index.php(13): CApplication->run()
#3 {main}
REQUEST_URI=/postulaciones/js/modernizr-2.6.1.min.js
HTTP_REFERER=http://localhost:81/postulaciones/
---
2014/09/26 00:11:18 [error] [exception.CHttpException.404] exception 'CHttpException' with message 'Unable to resolve the request "js/lean-slider.js".' in C:\xampp\htdocs\yii_fw\framework\web\CWebApplication.php:286
Stack trace:
#0 C:\xampp\htdocs\yii_fw\framework\web\CWebApplication.php(141): CWebApplication->runController('js/lean-slider....')
#1 C:\xampp\htdocs\yii_fw\framework\base\CApplication.php(180): CWebApplication->processRequest()
#2 C:\xampp\htdocs\postulaciones\index.php(13): CApplication->run()
#3 {main}
REQUEST_URI=/postulaciones/js/lean-slider.js
HTTP_REFERER=http://localhost:81/postulaciones/
---
2014/09/26 00:16:43 [error] [exception.CHttpException.404] exception 'CHttpException' with message 'Unable to resolve the request "js/modernizr-2.6.1.min.js".' in C:\xampp\htdocs\yii_fw\framework\web\CWebApplication.php:286
Stack trace:
#0 C:\xampp\htdocs\yii_fw\framework\web\CWebApplication.php(141): CWebApplication->runController('js/modernizr-2....')
#1 C:\xampp\htdocs\yii_fw\framework\base\CApplication.php(180): CWebApplication->processRequest()
#2 C:\xampp\htdocs\postulaciones\index.php(13): CApplication->run()
#3 {main}
REQUEST_URI=/postulaciones/js/modernizr-2.6.1.min.js
HTTP_REFERER=http://localhost:81/postulaciones/
---
2014/09/26 00:16:43 [error] [exception.CHttpException.404] exception 'CHttpException' with message 'Unable to resolve the request "js/lean-slider.js".' in C:\xampp\htdocs\yii_fw\framework\web\CWebApplication.php:286
Stack trace:
#0 C:\xampp\htdocs\yii_fw\framework\web\CWebApplication.php(141): CWebApplication->runController('js/lean-slider....')
#1 C:\xampp\htdocs\yii_fw\framework\base\CApplication.php(180): CWebApplication->processRequest()
#2 C:\xampp\htdocs\postulaciones\index.php(13): CApplication->run()
#3 {main}
REQUEST_URI=/postulaciones/js/lean-slider.js
HTTP_REFERER=http://localhost:81/postulaciones/
---
2014/09/26 00:16:56 [error] [exception.CHttpException.404] exception 'CHttpException' with message 'Unable to resolve the request "js/lean-slider.js".' in C:\xampp\htdocs\yii_fw\framework\web\CWebApplication.php:286
Stack trace:
#0 C:\xampp\htdocs\yii_fw\framework\web\CWebApplication.php(141): CWebApplication->runController('js/lean-slider....')
#1 C:\xampp\htdocs\yii_fw\framework\base\CApplication.php(180): CWebApplication->processRequest()
#2 C:\xampp\htdocs\postulaciones\index.php(13): CApplication->run()
#3 {main}
REQUEST_URI=/postulaciones/js/lean-slider.js
HTTP_REFERER=http://localhost:81/postulaciones/
---
2014/09/26 00:16:56 [error] [exception.CHttpException.404] exception 'CHttpException' with message 'Unable to resolve the request "js/modernizr-2.6.1.min.js".' in C:\xampp\htdocs\yii_fw\framework\web\CWebApplication.php:286
Stack trace:
#0 C:\xampp\htdocs\yii_fw\framework\web\CWebApplication.php(141): CWebApplication->runController('js/modernizr-2....')
#1 C:\xampp\htdocs\yii_fw\framework\base\CApplication.php(180): CWebApplication->processRequest()
#2 C:\xampp\htdocs\postulaciones\index.php(13): CApplication->run()
#3 {main}
REQUEST_URI=/postulaciones/js/modernizr-2.6.1.min.js
HTTP_REFERER=http://localhost:81/postulaciones/
---
2014/09/26 00:35:30 [error] [exception.CHttpException.404] exception 'CHttpException' with message 'Unable to resolve the request "js/modernizr-2.6.1.min.js".' in C:\xampp\htdocs\yii_fw\framework\web\CWebApplication.php:286
Stack trace:
#0 C:\xampp\htdocs\yii_fw\framework\web\CWebApplication.php(141): CWebApplication->runController('js/modernizr-2....')
#1 C:\xampp\htdocs\yii_fw\framework\base\CApplication.php(180): CWebApplication->processRequest()
#2 C:\xampp\htdocs\postulaciones\index.php(13): CApplication->run()
#3 {main}
REQUEST_URI=/postulaciones/js/modernizr-2.6.1.min.js
HTTP_REFERER=http://localhost:81/postulaciones/
---
2014/09/26 00:35:30 [error] [exception.CHttpException.404] exception 'CHttpException' with message 'Unable to resolve the request "js/lean-slider.js".' in C:\xampp\htdocs\yii_fw\framework\web\CWebApplication.php:286
Stack trace:
#0 C:\xampp\htdocs\yii_fw\framework\web\CWebApplication.php(141): CWebApplication->runController('js/lean-slider....')
#1 C:\xampp\htdocs\yii_fw\framework\base\CApplication.php(180): CWebApplication->processRequest()
#2 C:\xampp\htdocs\postulaciones\index.php(13): CApplication->run()
#3 {main}
REQUEST_URI=/postulaciones/js/lean-slider.js
HTTP_REFERER=http://localhost:81/postulaciones/
---
2014/09/26 00:36:13 [error] [exception.CHttpException.404] exception 'CHttpException' with message 'Unable to resolve the request "js/modernizr-2.6.1.min.js".' in C:\xampp\htdocs\yii_fw\framework\web\CWebApplication.php:286
Stack trace:
#0 C:\xampp\htdocs\yii_fw\framework\web\CWebApplication.php(141): CWebApplication->runController('js/modernizr-2....')
#1 C:\xampp\htdocs\yii_fw\framework\base\CApplication.php(180): CWebApplication->processRequest()
#2 C:\xampp\htdocs\postulaciones\index.php(13): CApplication->run()
#3 {main}
REQUEST_URI=/postulaciones/js/modernizr-2.6.1.min.js
HTTP_REFERER=http://localhost:81/postulaciones/
---
2014/09/26 00:36:13 [error] [exception.CHttpException.404] exception 'CHttpException' with message 'Unable to resolve the request "js/lean-slider.js".' in C:\xampp\htdocs\yii_fw\framework\web\CWebApplication.php:286
Stack trace:
#0 C:\xampp\htdocs\yii_fw\framework\web\CWebApplication.php(141): CWebApplication->runController('js/lean-slider....')
#1 C:\xampp\htdocs\yii_fw\framework\base\CApplication.php(180): CWebApplication->processRequest()
#2 C:\xampp\htdocs\postulaciones\index.php(13): CApplication->run()
#3 {main}
REQUEST_URI=/postulaciones/js/lean-slider.js
HTTP_REFERER=http://localhost:81/postulaciones/
---
2014/09/26 00:36:17 [error] [exception.CHttpException.404] exception 'CHttpException' with message 'Unable to resolve the request "js/modernizr-2.6.1.min.js".' in C:\xampp\htdocs\yii_fw\framework\web\CWebApplication.php:286
Stack trace:
#0 C:\xampp\htdocs\yii_fw\framework\web\CWebApplication.php(141): CWebApplication->runController('js/modernizr-2....')
#1 C:\xampp\htdocs\yii_fw\framework\base\CApplication.php(180): CWebApplication->processRequest()
#2 C:\xampp\htdocs\postulaciones\index.php(13): CApplication->run()
#3 {main}
REQUEST_URI=/postulaciones/js/modernizr-2.6.1.min.js
HTTP_REFERER=http://localhost:81/postulaciones/
---
2014/09/26 00:36:17 [error] [exception.CHttpException.404] exception 'CHttpException' with message 'Unable to resolve the request "js/lean-slider.js".' in C:\xampp\htdocs\yii_fw\framework\web\CWebApplication.php:286
Stack trace:
#0 C:\xampp\htdocs\yii_fw\framework\web\CWebApplication.php(141): CWebApplication->runController('js/lean-slider....')
#1 C:\xampp\htdocs\yii_fw\framework\base\CApplication.php(180): CWebApplication->processRequest()
#2 C:\xampp\htdocs\postulaciones\index.php(13): CApplication->run()
#3 {main}
REQUEST_URI=/postulaciones/js/lean-slider.js
HTTP_REFERER=http://localhost:81/postulaciones/
---
2014/09/26 00:37:20 [error] [exception.CHttpException.404] exception 'CHttpException' with message 'Unable to resolve the request "js/lean-slider.js".' in C:\xampp\htdocs\yii_fw\framework\web\CWebApplication.php:286
Stack trace:
#0 C:\xampp\htdocs\yii_fw\framework\web\CWebApplication.php(141): CWebApplication->runController('js/lean-slider....')
#1 C:\xampp\htdocs\yii_fw\framework\base\CApplication.php(180): CWebApplication->processRequest()
#2 C:\xampp\htdocs\postulaciones\index.php(13): CApplication->run()
#3 {main}
REQUEST_URI=/postulaciones/js/lean-slider.js
HTTP_REFERER=http://localhost:81/postulaciones/
---
2014/09/26 00:37:20 [error] [exception.CHttpException.404] exception 'CHttpException' with message 'Unable to resolve the request "js/modernizr-2.6.1.min.js".' in C:\xampp\htdocs\yii_fw\framework\web\CWebApplication.php:286
Stack trace:
#0 C:\xampp\htdocs\yii_fw\framework\web\CWebApplication.php(141): CWebApplication->runController('js/modernizr-2....')
#1 C:\xampp\htdocs\yii_fw\framework\base\CApplication.php(180): CWebApplication->processRequest()
#2 C:\xampp\htdocs\postulaciones\index.php(13): CApplication->run()
#3 {main}
REQUEST_URI=/postulaciones/js/modernizr-2.6.1.min.js
HTTP_REFERER=http://localhost:81/postulaciones/
---
2014/09/26 00:37:50 [error] [exception.CHttpException.404] exception 'CHttpException' with message 'Unable to resolve the request "js/lean-slider.js".' in C:\xampp\htdocs\yii_fw\framework\web\CWebApplication.php:286
Stack trace:
#0 C:\xampp\htdocs\yii_fw\framework\web\CWebApplication.php(141): CWebApplication->runController('js/lean-slider....')
#1 C:\xampp\htdocs\yii_fw\framework\base\CApplication.php(180): CWebApplication->processRequest()
#2 C:\xampp\htdocs\postulaciones\index.php(13): CApplication->run()
#3 {main}
REQUEST_URI=/postulaciones/js/lean-slider.js
HTTP_REFERER=http://localhost:81/postulaciones/
---
2014/09/26 00:37:50 [error] [exception.CHttpException.404] exception 'CHttpException' with message 'Unable to resolve the request "js/modernizr-2.6.1.min.js".' in C:\xampp\htdocs\yii_fw\framework\web\CWebApplication.php:286
Stack trace:
#0 C:\xampp\htdocs\yii_fw\framework\web\CWebApplication.php(141): CWebApplication->runController('js/modernizr-2....')
#1 C:\xampp\htdocs\yii_fw\framework\base\CApplication.php(180): CWebApplication->processRequest()
#2 C:\xampp\htdocs\postulaciones\index.php(13): CApplication->run()
#3 {main}
REQUEST_URI=/postulaciones/js/modernizr-2.6.1.min.js
HTTP_REFERER=http://localhost:81/postulaciones/
---
2014/09/26 00:39:58 [error] [exception.CHttpException.404] exception 'CHttpException' with message 'Unable to resolve the request "js/modernizr-2.6.1.min.js".' in C:\xampp\htdocs\yii_fw\framework\web\CWebApplication.php:286
Stack trace:
#0 C:\xampp\htdocs\yii_fw\framework\web\CWebApplication.php(141): CWebApplication->runController('js/modernizr-2....')
#1 C:\xampp\htdocs\yii_fw\framework\base\CApplication.php(180): CWebApplication->processRequest()
#2 C:\xampp\htdocs\postulaciones\index.php(13): CApplication->run()
#3 {main}
REQUEST_URI=/postulaciones/js/modernizr-2.6.1.min.js
HTTP_REFERER=http://localhost:81/postulaciones/
---
2014/09/26 00:39:58 [error] [exception.CHttpException.404] exception 'CHttpException' with message 'Unable to resolve the request "js/lean-slider.js".' in C:\xampp\htdocs\yii_fw\framework\web\CWebApplication.php:286
Stack trace:
#0 C:\xampp\htdocs\yii_fw\framework\web\CWebApplication.php(141): CWebApplication->runController('js/lean-slider....')
#1 C:\xampp\htdocs\yii_fw\framework\base\CApplication.php(180): CWebApplication->processRequest()
#2 C:\xampp\htdocs\postulaciones\index.php(13): CApplication->run()
#3 {main}
REQUEST_URI=/postulaciones/js/lean-slider.js
HTTP_REFERER=http://localhost:81/postulaciones/
---
2014/09/26 00:41:37 [error] [exception.CHttpException.404] exception 'CHttpException' with message 'Unable to resolve the request "js/modernizr-2.6.1.min.js".' in C:\xampp\htdocs\yii_fw\framework\web\CWebApplication.php:286
Stack trace:
#0 C:\xampp\htdocs\yii_fw\framework\web\CWebApplication.php(141): CWebApplication->runController('js/modernizr-2....')
#1 C:\xampp\htdocs\yii_fw\framework\base\CApplication.php(180): CWebApplication->processRequest()
#2 C:\xampp\htdocs\postulaciones\index.php(13): CApplication->run()
#3 {main}
REQUEST_URI=/postulaciones/js/modernizr-2.6.1.min.js
HTTP_REFERER=http://localhost:81/postulaciones/
---
2014/09/26 00:41:37 [error] [exception.CHttpException.404] exception 'CHttpException' with message 'Unable to resolve the request "js/lean-slider.js".' in C:\xampp\htdocs\yii_fw\framework\web\CWebApplication.php:286
Stack trace:
#0 C:\xampp\htdocs\yii_fw\framework\web\CWebApplication.php(141): CWebApplication->runController('js/lean-slider....')
#1 C:\xampp\htdocs\yii_fw\framework\base\CApplication.php(180): CWebApplication->processRequest()
#2 C:\xampp\htdocs\postulaciones\index.php(13): CApplication->run()
#3 {main}
REQUEST_URI=/postulaciones/js/lean-slider.js
HTTP_REFERER=http://localhost:81/postulaciones/
---
2014/09/26 00:41:39 [error] [exception.CHttpException.404] exception 'CHttpException' with message 'Unable to resolve the request "js/modernizr-2.6.1.min.js".' in C:\xampp\htdocs\yii_fw\framework\web\CWebApplication.php:286
Stack trace:
#0 C:\xampp\htdocs\yii_fw\framework\web\CWebApplication.php(141): CWebApplication->runController('js/modernizr-2....')
#1 C:\xampp\htdocs\yii_fw\framework\base\CApplication.php(180): CWebApplication->processRequest()
#2 C:\xampp\htdocs\postulaciones\index.php(13): CApplication->run()
#3 {main}
REQUEST_URI=/postulaciones/js/modernizr-2.6.1.min.js
HTTP_REFERER=http://localhost:81/postulaciones/site/index
---
2014/09/26 00:41:39 [error] [exception.CHttpException.404] exception 'CHttpException' with message 'Unable to resolve the request "js/lean-slider.js".' in C:\xampp\htdocs\yii_fw\framework\web\CWebApplication.php:286
Stack trace:
#0 C:\xampp\htdocs\yii_fw\framework\web\CWebApplication.php(141): CWebApplication->runController('js/lean-slider....')
#1 C:\xampp\htdocs\yii_fw\framework\base\CApplication.php(180): CWebApplication->processRequest()
#2 C:\xampp\htdocs\postulaciones\index.php(13): CApplication->run()
#3 {main}
REQUEST_URI=/postulaciones/js/lean-slider.js
HTTP_REFERER=http://localhost:81/postulaciones/site/index
---
2014/09/26 00:41:40 [error] [exception.CHttpException.404] exception 'CHttpException' with message 'Unable to resolve the request "js/modernizr-2.6.1.min.js".' in C:\xampp\htdocs\yii_fw\framework\web\CWebApplication.php:286
Stack trace:
#0 C:\xampp\htdocs\yii_fw\framework\web\CWebApplication.php(141): CWebApplication->runController('js/modernizr-2....')
#1 C:\xampp\htdocs\yii_fw\framework\base\CApplication.php(180): CWebApplication->processRequest()
#2 C:\xampp\htdocs\postulaciones\index.php(13): CApplication->run()
#3 {main}
REQUEST_URI=/postulaciones/js/modernizr-2.6.1.min.js
HTTP_REFERER=http://localhost:81/postulaciones/site/index
---
2014/09/26 00:41:40 [error] [exception.CHttpException.404] exception 'CHttpException' with message 'Unable to resolve the request "js/lean-slider.js".' in C:\xampp\htdocs\yii_fw\framework\web\CWebApplication.php:286
Stack trace:
#0 C:\xampp\htdocs\yii_fw\framework\web\CWebApplication.php(141): CWebApplication->runController('js/lean-slider....')
#1 C:\xampp\htdocs\yii_fw\framework\base\CApplication.php(180): CWebApplication->processRequest()
#2 C:\xampp\htdocs\postulaciones\index.php(13): CApplication->run()
#3 {main}
REQUEST_URI=/postulaciones/js/lean-slider.js
HTTP_REFERER=http://localhost:81/postulaciones/site/index
---
